#
# There is insufficient memory for the Java Runtime Environment to continue.
# Native memory allocation (mmap) failed to map 147849216 bytes for committing reserved memory.
# Possible reasons:
#   The system is out of physical RAM or swap space
#   In 32 bit mode, the process size limit was hit
# Possible solutions:
#   Reduce memory load on the system
#   Increase physical memory or swap space
#   Check if swap backing store is full
#   Use 64 bit Java on a 64 bit OS
#   Decrease Java heap size (-Xmx/-Xms)
#   Decrease number of Java threads
#   Decrease Java thread stack sizes (-Xss)
#   Set larger code cache with -XX:ReservedCodeCacheSize=
# This output file may be truncated or incomplete.
#
#  Out of Memory Error (os_linux.cpp:2627), pid=16226, tid=0x00007f79eaded700
#
# JRE version: Java(TM) SE Runtime Environment (8.0_101-b13) (build 1.8.0_101-b13)
# Java VM: Java HotSpot(TM) 64-Bit Server VM (25.101-b13 mixed mode linux-amd64 compressed oops)
# Failed to write core dump. Core dumps have been disabled. To enable core dumping, try "ulimit -c unlimited" before starting Java again
#

---------------  T H R E A D  ---------------

Current thread (0x00007f7a1c080800):  VMThread [stack: 0x00007f79eaced000,0x00007f79eadee000] [id=16246]

Stack: [0x00007f79eaced000,0x00007f79eadee000],  sp=0x00007f79eadec1e0,  free space=1020k
Native frames: (J=compiled Java code, j=interpreted, Vv=VM code, C=native code)
V  [libjvm.so+0xac3f0a]  VMError::report_and_die()+0x2ba
V  [libjvm.so+0x4fbf9b]  report_vm_out_of_memory(char const*, int, unsigned long, VMErrorType, char const*)+0x8b
V  [libjvm.so+0x9222d3]  os::Linux::commit_memory_impl(char*, unsigned long, bool)+0x103
V  [libjvm.so+0x922829]  os::pd_commit_memory(char*, unsigned long, unsigned long, bool)+0x29
V  [libjvm.so+0x91cb2a]  os::commit_memory(char*, unsigned long, unsigned long, bool)+0x2a
V  [libjvm.so+0x991053]  PSVirtualSpace::expand_by(unsigned long)+0x53
V  [libjvm.so+0x992458]  PSYoungGen::resize_generation(unsigned long, unsigned long)+0xf8
V  [libjvm.so+0x9915b2]  PSYoungGen::resize(unsigned long, unsigned long)+0x22
V  [libjvm.so+0x98e88b]  PSScavenge::invoke_no_policy()+0xf3b
V  [libjvm.so+0x98f011]  PSScavenge::invoke()+0x41
V  [libjvm.so+0x945fc0]  ParallelScavengeHeap::failed_mem_allocate(unsigned long)+0x70
V  [libjvm.so+0xac5927]  VM_ParallelGCFailedAllocation::doit()+0x97
V  [libjvm.so+0xacd405]  VM_Operation::evaluate()+0x55
V  [libjvm.so+0xacb7da]  VMThread::evaluate_operation(VM_Operation*)+0xba
V  [libjvm.so+0xacbb5e]  VMThread::loop()+0x1ce
V  [libjvm.so+0xacbfd0]  VMThread::run()+0x70
V  [libjvm.so+0x924698]  java_start(Thread*)+0x108

VM_Operation (0x00007f7a24866d90): ParallelGCFailedAllocation, mode: safepoint, requested by thread 0x00007f7a1c00a800


---------------  P R O C E S S  ---------------

Java Threads: ( => current thread )
  0x00007f7a1c13e000 JavaThread "Monitor Ctrl-Break" daemon [_thread_in_native, id=16266, stack(0x00007f79e9895000,0x00007f79e9996000)]
  0x00007f7a1c0cc000 JavaThread "Service Thread" daemon [_thread_blocked, id=16257, stack(0x00007f79e9c99000,0x00007f79e9d9a000)]
  0x00007f7a1c0c9000 JavaThread "C1 CompilerThread3" daemon [_thread_blocked, id=16256, stack(0x00007f79e9d9a000,0x00007f79e9e9b000)]
  0x00007f7a1c0c7000 JavaThread "C2 CompilerThread2" daemon [_thread_in_native, id=16255, stack(0x00007f79e9e9b000,0x00007f79e9f9c000)]
  0x00007f7a1c0c5000 JavaThread "C2 CompilerThread1" daemon [_thread_in_native, id=16254, stack(0x00007f79e9f9c000,0x00007f79ea09d000)]
  0x00007f7a1c0c2000 JavaThread "C2 CompilerThread0" daemon [_thread_in_native, id=16253, stack(0x00007f79ea09d000,0x00007f79ea19e000)]
  0x00007f7a1c0c0800 JavaThread "Signal Dispatcher" daemon [_thread_blocked, id=16252, stack(0x00007f79ea19e000,0x00007f79ea29f000)]
  0x00007f7a1c08c800 JavaThread "Finalizer" daemon [_thread_blocked, id=16249, stack(0x00007f79eaaeb000,0x00007f79eabec000)]
  0x00007f7a1c088000 JavaThread "Reference Handler" daemon [_thread_blocked, id=16247, stack(0x00007f79eabec000,0x00007f79eaced000)]
  0x00007f7a1c00a800 JavaThread "main" [_thread_blocked, id=16228, stack(0x00007f7a24768000,0x00007f7a24869000)]

Other Threads:
=>0x00007f7a1c080800 VMThread [stack: 0x00007f79eaced000,0x00007f79eadee000] [id=16246]
  0x00007f7a1c0cf000 WatcherThread [stack: 0x00007f79e9b98000,0x00007f79e9c99000] [id=16258]

VM state:at safepoint (normal execution)

VM Mutex/Monitor currently owned by a thread:  ([mutex/lock_event])
[0x00007f7a1c006990] Threads_lock - owner thread: 0x00007f7a1c080800
[0x00007f7a1c006e90] Heap_lock - owner thread: 0x00007f7a1c00a800

Heap:
 PSYoungGen      total 132096K, used 5104K [0x00000000d7000000, 0x00000000df600000, 0x0000000100000000)
  eden space 126976K, 0% used [0x00000000d7000000,0x00000000d7000000,0x00000000dec00000)
  from space 5120K, 99% used [0x00000000dec00000,0x00000000df0fc388,0x00000000df100000)
  to   space 5120K, 0% used [0x00000000df100000,0x00000000df100000,0x00000000df600000)
 ParOldGen       total 84992K, used 25184K [0x0000000085000000, 0x000000008a300000, 0x00000000d7000000)
  object space 84992K, 29% used [0x0000000085000000,0x0000000086898000,0x000000008a300000)
 Metaspace       used 3262K, capacity 4562K, committed 4864K, reserved 1056768K
  class space    used 344K, capacity 386K, committed 512K, reserved 1048576K

Card table byte_map: [0x00007f7a21147000,0x00007f7a21520000] byte_map_base: 0x00007f7a20d1f000

Marking Bits: (ParMarkBitMap*) 0x00007f7a23c40120
 Begin Bits: [0x00007f79f0280000, 0x00007f79f2140000)
 End Bits:   [0x00007f79f2140000, 0x00007f79f4000000)

Polling page: 0x00007f7a24889000

CodeCache: size=245760Kb used=1738Kb max_used=1756Kb free=244021Kb
 bounds [0x00007f7a0d000000, 0x00007f7a0d270000, 0x00007f7a1c000000]
 total_blobs=452 nmethods=199 adapters=168
 compilation: enabled

Compilation events (10 events):
Event: 0,335 Thread 0x00007f7a1c0c7000 nmethod 195 0x00007f7a0d1ae450 code [0x00007f7a0d1ae5e0, 0x00007f7a0d1ae808]
Event: 0,335 Thread 0x00007f7a1c0c7000  198       4       java.util.HashMap::get (23 bytes)
Event: 0,342 Thread 0x00007f7a1c0c7000 nmethod 198 0x00007f7a0d1b1350 code [0x00007f7a0d1b14e0, 0x00007f7a0d1b1a98]
Event: 0,342 Thread 0x00007f7a1c0c7000  199       4       java.util.HashMap::putVal (300 bytes)
Event: 0,350 Thread 0x00007f7a1c0c5000 nmethod 197 0x00007f7a0d1affd0 code [0x00007f7a0d1b01a0, 0x00007f7a0d1b0b48]
Event: 0,350 Thread 0x00007f7a1c0c5000  202       4       com.ankoma88.SkiTaskMain::getRightDirection (110 bytes)
Event: 0,354 Thread 0x00007f7a1c0c7000 nmethod 199 0x00007f7a0d1b2b90 code [0x00007f7a0d1b2d80, 0x00007f7a0d1b3888]
Event: 0,355 Thread 0x00007f7a1c0c7000  205       4       com.ankoma88.SkiTaskMain::getDownDirection (108 bytes)
Event: 0,359 Thread 0x00007f7a1c0c2000 nmethod 177 0x00007f7a0d1b9210 code [0x00007f7a0d1b9480, 0x00007f7a0d1bace8]
Event: 0,359 Thread 0x00007f7a1c0c2000  200       4       com.ankoma88.SkiTaskMain::getLongestPath (154 bytes)

GC Heap History (9 events):
Event: 0,184 GC heap before
{Heap before GC invocations=1 (full 0):
 PSYoungGen      total 36864K, used 31744K [0x00000000d7000000, 0x00000000d9900000, 0x0000000100000000)
  eden space 31744K, 100% used [0x00000000d7000000,0x00000000d8f00000,0x00000000d8f00000)
  from space 5120K, 0% used [0x00000000d9400000,0x00000000d9400000,0x00000000d9900000)
  to   space 5120K, 0% used [0x00000000d8f00000,0x00000000d8f00000,0x00000000d9400000)
 ParOldGen       total 84992K, used 0K [0x0000000085000000, 0x000000008a300000, 0x00000000d7000000)
  object space 84992K, 0% used [0x0000000085000000,0x0000000085000000,0x000000008a300000)
 Metaspace       used 3232K, capacity 4562K, committed 4864K, reserved 1056768K
  class space    used 344K, capacity 386K, committed 512K, reserved 1048576K
Event: 0,192 GC heap after
Heap after GC invocations=1 (full 0):
 PSYoungGen      total 36864K, used 5088K [0x00000000d7000000, 0x00000000db800000, 0x0000000100000000)
  eden space 31744K, 0% used [0x00000000d7000000,0x00000000d7000000,0x00000000d8f00000)
  from space 5120K, 99% used [0x00000000d8f00000,0x00000000d93f8020,0x00000000d9400000)
  to   space 5120K, 0% used [0x00000000db300000,0x00000000db300000,0x00000000db800000)
 ParOldGen       total 84992K, used 3488K [0x0000000085000000, 0x000000008a300000, 0x00000000d7000000)
  object space 84992K, 4% used [0x0000000085000000,0x0000000085368000,0x000000008a300000)
 Metaspace       used 3232K, capacity 4562K, committed 4864K, reserved 1056768K
  class space    used 344K, capacity 386K, committed 512K, reserved 1048576K
}
Event: 0,240 GC heap before
{Heap before GC invocations=2 (full 0):
 PSYoungGen      total 36864K, used 36832K [0x00000000d7000000, 0x00000000db800000, 0x0000000100000000)
  eden space 31744K, 100% used [0x00000000d7000000,0x00000000d8f00000,0x00000000d8f00000)
  from space 5120K, 99% used [0x00000000d8f00000,0x00000000d93f8020,0x00000000d9400000)
  to   space 5120K, 0% used [0x00000000db300000,0x00000000db300000,0x00000000db800000)
 ParOldGen       total 84992K, used 3488K [0x0000000085000000, 0x000000008a300000, 0x00000000d7000000)
  object space 84992K, 4% used [0x0000000085000000,0x0000000085368000,0x000000008a300000)
 Metaspace       used 3236K, capacity 4562K, committed 4864K, reserved 1056768K
  class space    used 344K, capacity 386K, committed 512K, reserved 1048576K
Event: 0,250 GC heap after
Heap after GC invocations=2 (full 0):
 PSYoungGen      total 68608K, used 5088K [0x00000000d7000000, 0x00000000db800000, 0x0000000100000000)
  eden space 63488K, 0% used [0x00000000d7000000,0x00000000d7000000,0x00000000dae00000)
  from space 5120K, 99% used [0x00000000db300000,0x00000000db7f8020,0x00000000db800000)
  to   space 5120K, 0% used [0x00000000dae00000,0x00000000dae00000,0x00000000db300000)
 ParOldGen       total 84992K, used 8600K [0x0000000085000000, 0x000000008a300000, 0x00000000d7000000)
  object space 84992K, 10% used [0x0000000085000000,0x0000000085866000,0x000000008a300000)
 Metaspace       used 3236K, capacity 4562K, committed 4864K, reserved 1056768K
  class space    used 344K, capacity 386K, committed 512K, reserved 1048576K
}
Event: 0,360 GC heap before
{Heap before GC invocations=3 (full 0):
 PSYoungGen      total 68608K, used 68576K [0x00000000d7000000, 0x00000000db800000, 0x0000000100000000)
  eden space 63488K, 100% used [0x00000000d7000000,0x00000000dae00000,0x00000000dae00000)
  from space 5120K, 99% used [0x00000000db300000,0x00000000db7f8020,0x00000000db800000)
  to   space 5120K, 0% used [0x00000000dae00000,0x00000000dae00000,0x00000000db300000)
 ParOldGen       total 84992K, used 8600K [0x0000000085000000, 0x000000008a300000, 0x00000000d7000000)
  object space 84992K, 10% used [0x0000000085000000,0x0000000085866000,0x000000008a300000)
 Metaspace       used 3262K, capacity 4562K, committed 4864K, reserved 1056768K
  class space    used 344K, capacity 386K, committed 512K, reserved 1048576K
Event: 0,377 GC heap after
Heap after GC invocations=3 (full 0):
 PSYoungGen      total 68608K, used 5110K [0x00000000d7000000, 0x00000000df600000, 0x0000000100000000)
  eden space 63488K, 0% used [0x00000000d7000000,0x00000000d7000000,0x00000000dae00000)
  from space 5120K, 99% used [0x00000000dae00000,0x00000000db2fdbd8,0x00000000db300000)
  to   space 5120K, 0% used [0x00000000df100000,0x00000000df100000,0x00000000df600000)
 ParOldGen       total 84992K, used 16192K [0x0000000085000000, 0x000000008a300000, 0x00000000d7000000)
  object space 84992K, 19% used [0x0000000085000000,0x0000000085fd0000,0x000000008a300000)
 Metaspace       used 3262K, capacity 4562K, committed 4864K, reserved 1056768K
  class space    used 344K, capacity 386K, committed 512K, reserved 1048576K
}
Event: 0,468 GC heap before
{Heap before GC invocations=4 (full 0):
 PSYoungGen      total 68608K, used 68598K [0x00000000d7000000, 0x00000000df600000, 0x0000000100000000)
  eden space 63488K, 100% used [0x00000000d7000000,0x00000000dae00000,0x00000000dae00000)
  from space 5120K, 99% used [0x00000000dae00000,0x00000000db2fdbd8,0x00000000db300000)
  to   space 5120K, 0% used [0x00000000df100000,0x00000000df100000,0x00000000df600000)
 ParOldGen       total 84992K, used 16192K [0x0000000085000000, 0x000000008a300000, 0x00000000d7000000)
  object space 84992K, 19% used [0x0000000085000000,0x0000000085fd0000,0x000000008a300000)
 Metaspace       used 3262K, capacity 4562K, committed 4864K, reserved 1056768K
  class space    used 344K, capacity 386K, committed 512K, reserved 1048576K
Event: 0,486 GC heap after
Heap after GC invocations=4 (full 0):
 PSYoungGen      total 132096K, used 5097K [0x00000000d7000000, 0x00000000df600000, 0x0000000100000000)
  eden space 126976K, 0% used [0x00000000d7000000,0x00000000d7000000,0x00000000dec00000)
  from space 5120K, 99% used [0x00000000df100000,0x00000000df5fa540,0x00000000df600000)
  to   space 5120K, 0% used [0x00000000dec00000,0x00000000dec00000,0x00000000df100000)
 ParOldGen       total 84992K, used 19256K [0x0000000085000000, 0x000000008a300000, 0x00000000d7000000)
  object space 84992K, 22% used [0x0000000085000000,0x00000000862ce000,0x000000008a300000)
 Metaspace       used 3262K, capacity 4562K, committed 4864K, reserved 1056768K
  class space    used 344K, capacity 386K, committed 512K, reserved 1048576K
}
Event: 0,687 GC heap before
{Heap before GC invocations=5 (full 0):
 PSYoungGen      total 132096K, used 132073K [0x00000000d7000000, 0x00000000df600000, 0x0000000100000000)
  eden space 126976K, 100% used [0x00000000d7000000,0x00000000dec00000,0x00000000dec00000)
  from space 5120K, 99% used [0x00000000df100000,0x00000000df5fa540,0x00000000df600000)
  to   space 5120K, 0% used [0x00000000dec00000,0x00000000dec00000,0x00000000df100000)
 ParOldGen       total 84992K, used 19256K [0x0000000085000000, 0x000000008a300000, 0x00000000d7000000)
  object space 84992K, 22% used [0x0000000085000000,0x00000000862ce000,0x000000008a300000)
 Metaspace       used 3262K, capacity 4562K, committed 4864K, reserved 1056768K
  class space    used 344K, capacity 386K, committed 512K, reserved 1048576K

Deoptimization events (8 events):
Event: 0,184 Thread 0x00007f7a1c00a800 Uncommon trap: reason=predicate action=maybe_recompile pc=0x00007f7a0d1783a8 method=java.util.AbstractCollection.toArray([Ljava/lang/Object;)[Ljava/lang/Object; @ 49
Event: 0,184 Thread 0x00007f7a1c00a800 Uncommon trap: reason=array_check action=maybe_recompile pc=0x00007f7a0d16c55c method=java.util.AbstractCollection.toArray([Ljava/lang/Object;)[Ljava/lang/Object; @ 119
Event: 0,184 Thread 0x00007f7a1c00a800 Uncommon trap: reason=array_check action=maybe_recompile pc=0x00007f7a0d16c55c method=java.util.AbstractCollection.toArray([Ljava/lang/Object;)[Ljava/lang/Object; @ 119
Event: 0,193 Thread 0x00007f7a1c00a800 Uncommon trap: reason=array_check action=maybe_recompile pc=0x00007f7a0d16c55c method=java.util.AbstractCollection.toArray([Ljava/lang/Object;)[Ljava/lang/Object; @ 119
Event: 0,193 Thread 0x00007f7a1c00a800 Uncommon trap: reason=array_check action=maybe_recompile pc=0x00007f7a0d16c55c method=java.util.AbstractCollection.toArray([Ljava/lang/Object;)[Ljava/lang/Object; @ 119
Event: 0,285 Thread 0x00007f7a1c00a800 Uncommon trap: reason=unstable_if action=reinterpret pc=0x00007f7a0d16b3c0 method=java.io.BufferedReader.readLine(Z)Ljava/lang/String; @ 55
Event: 0,285 Thread 0x00007f7a1c00a800 Uncommon trap: reason=unstable_if action=reinterpret pc=0x00007f7a0d173ae4 method=com.ankoma88.SkiTaskMain.main([Ljava/lang/String;)V @ 84
Event: 0,285 Thread 0x00007f7a1c00a800 Uncommon trap: reason=unstable_if action=reinterpret pc=0x00007f7a0d189900 method=java.lang.String.split(Ljava/lang/String;I)[Ljava/lang/String; @ 207

Internal exceptions (2 events):
Event: 0,022 Thread 0x00007f7a1c00a800 Exception <a 'java/lang/NoSuchMethodError': Method sun.misc.Unsafe.defineClass(Ljava/lang/String;[BII)Ljava/lang/Class; name or signature does not match> (0x00000000d7007cc0) thrown at [/HUDSON3/workspace/8-2-build-linux-amd64/jdk8u101/7261/hotspot/src/sh
Event: 0,022 Thread 0x00007f7a1c00a800 Exception <a 'java/lang/NoSuchMethodError': Method sun.misc.Unsafe.prefetchRead(Ljava/lang/Object;J)V name or signature does not match> (0x00000000d7007fa8) thrown at [/HUDSON3/workspace/8-2-build-linux-amd64/jdk8u101/7261/hotspot/src/share/vm/prims/jni.c

Events (10 events):
Event: 0,351 Thread 0x00007f7a1c00a800 DEOPT UNPACKING pc=0x00007f7a0d047633 sp=0x00007f7a24866c30 mode 0
Event: 0,354 Thread 0x00007f7a1c00a800 DEOPT PACKING pc=0x00007f7a0d192a5e sp=0x00007f7a24866d40
Event: 0,354 Thread 0x00007f7a1c00a800 DEOPT UNPACKING pc=0x00007f7a0d047633 sp=0x00007f7a24866b30 mode 0
Event: 0,356 Thread 0x00007f7a1c00a800 DEOPT PACKING pc=0x00007f7a0d192a5e sp=0x00007f7a24866e40
Event: 0,356 Thread 0x00007f7a1c00a800 DEOPT UNPACKING pc=0x00007f7a0d047633 sp=0x00007f7a24866c30 mode 0
Event: 0,360 Executing VM operation: ParallelGCFailedAllocation
Event: 0,377 Executing VM operation: ParallelGCFailedAllocation done
Event: 0,468 Executing VM operation: ParallelGCFailedAllocation
Event: 0,486 Executing VM operation: ParallelGCFailedAllocation done
Event: 0,687 Executing VM operation: ParallelGCFailedAllocation


Dynamic libraries:
00400000-00401000 r-xp 00000000 08:04 805299                             /usr/lib/jvm/java-8-oracle/bin/java
00600000-00601000 rw-p 00000000 08:04 805299                             /usr/lib/jvm/java-8-oracle/bin/java
00b07000-00b28000 rw-p 00000000 00:00 0                                  [heap]
85000000-8a300000 rw-p 00000000 00:00 0 
8a300000-d7000000 ---p 00000000 00:00 0 
d7000000-df600000 rw-p 00000000 00:00 0 
e8300000-100000000 ---p 00000000 00:00 0 
100000000-100080000 rw-p 00000000 00:00 0 
100080000-140000000 ---p 00000000 00:00 0 
7f79b4000000-7f79b4021000 rw-p 00000000 00:00 0 
7f79b4021000-7f79b8000000 ---p 00000000 00:00 0 
7f79bc000000-7f79bc021000 rw-p 00000000 00:00 0 
7f79bc021000-7f79c0000000 ---p 00000000 00:00 0 
7f79c0000000-7f79c0021000 rw-p 00000000 00:00 0 
7f79c0021000-7f79c4000000 ---p 00000000 00:00 0 
7f79c4000000-7f79c5601000 rw-p 00000000 00:00 0 
7f79c5601000-7f79c8000000 ---p 00000000 00:00 0 
7f79c8000000-7f79c816a000 rw-p 00000000 00:00 0 
7f79c816a000-7f79cc000000 ---p 00000000 00:00 0 
7f79cc000000-7f79cda86000 rw-p 00000000 00:00 0 
7f79cda86000-7f79d0000000 ---p 00000000 00:00 0 
7f79d0000000-7f79d0f53000 rw-p 00000000 00:00 0 
7f79d0f53000-7f79d4000000 ---p 00000000 00:00 0 
7f79d4000000-7f79d4021000 rw-p 00000000 00:00 0 
7f79d4021000-7f79d8000000 ---p 00000000 00:00 0 
7f79d8000000-7f79d8021000 rw-p 00000000 00:00 0 
7f79d8021000-7f79dc000000 ---p 00000000 00:00 0 
7f79dc000000-7f79dc0ff000 rw-p 00000000 00:00 0 
7f79dc0ff000-7f79e0000000 ---p 00000000 00:00 0 
7f79e0000000-7f79e0021000 rw-p 00000000 00:00 0 
7f79e0021000-7f79e4000000 ---p 00000000 00:00 0 
7f79e4000000-7f79e4021000 rw-p 00000000 00:00 0 
7f79e4021000-7f79e8000000 ---p 00000000 00:00 0 
7f79e92d6000-7f79e946d000 rw-p 00000000 00:00 0 
7f79e946d000-7f79e947e000 r-xp 00000000 08:04 802422                     /usr/lib/jvm/java-8-oracle/jre/lib/amd64/libnio.so
7f79e947e000-7f79e967d000 ---p 00011000 08:04 802422                     /usr/lib/jvm/java-8-oracle/jre/lib/amd64/libnio.so
7f79e967d000-7f79e967e000 rw-p 00010000 08:04 802422                     /usr/lib/jvm/java-8-oracle/jre/lib/amd64/libnio.so
7f79e967e000-7f79e9694000 r-xp 00000000 08:04 805063                     /usr/lib/jvm/java-8-oracle/jre/lib/amd64/libnet.so
7f79e9694000-7f79e9894000 ---p 00016000 08:04 805063                     /usr/lib/jvm/java-8-oracle/jre/lib/amd64/libnet.so
7f79e9894000-7f79e9895000 rw-p 00016000 08:04 805063                     /usr/lib/jvm/java-8-oracle/jre/lib/amd64/libnet.so
7f79e9895000-7f79e9898000 ---p 00000000 00:00 0 
7f79e9898000-7f79e9996000 rw-p 00000000 00:00 0 
7f79e9996000-7f79e9997000 r-xp 00000000 08:04 2758889                    /opt/idea-IU-145.597.3/bin/libbreakgen64.so
7f79e9997000-7f79e9b96000 ---p 00001000 08:04 2758889                    /opt/idea-IU-145.597.3/bin/libbreakgen64.so
7f79e9b96000-7f79e9b97000 r--p 00000000 08:04 2758889                    /opt/idea-IU-145.597.3/bin/libbreakgen64.so
7f79e9b97000-7f79e9b98000 rw-p 00001000 08:04 2758889                    /opt/idea-IU-145.597.3/bin/libbreakgen64.so
7f79e9b98000-7f79e9b99000 ---p 00000000 00:00 0 
7f79e9b99000-7f79e9c99000 rw-p 00000000 00:00 0 
7f79e9c99000-7f79e9c9c000 ---p 00000000 00:00 0 
7f79e9c9c000-7f79e9d9a000 rw-p 00000000 00:00 0 
7f79e9d9a000-7f79e9d9d000 ---p 00000000 00:00 0 
7f79e9d9d000-7f79e9e9b000 rw-p 00000000 00:00 0 
7f79e9e9b000-7f79e9e9e000 ---p 00000000 00:00 0 
7f79e9e9e000-7f79e9f9c000 rw-p 00000000 00:00 0 
7f79e9f9c000-7f79e9f9f000 ---p 00000000 00:00 0 
7f79e9f9f000-7f79ea09d000 rw-p 00000000 00:00 0 
7f79ea09d000-7f79ea0a0000 ---p 00000000 00:00 0 
7f79ea0a0000-7f79ea19e000 rw-p 00000000 00:00 0 
7f79ea19e000-7f79ea1a1000 ---p 00000000 00:00 0 
7f79ea1a1000-7f79ea29f000 rw-p 00000000 00:00 0 
7f79ea29f000-7f79eaaeb000 r--p 00000000 08:04 531399                     /usr/lib/locale/locale-archive
7f79eaaeb000-7f79eaaee000 ---p 00000000 00:00 0 
7f79eaaee000-7f79eabec000 rw-p 00000000 00:00 0 
7f79eabec000-7f79eabef000 ---p 00000000 00:00 0 
7f79eabef000-7f79eaced000 rw-p 00000000 00:00 0 
7f79eaced000-7f79eacee000 ---p 00000000 00:00 0 
7f79eacee000-7f79ec000000 rw-p 00000000 00:00 0 
7f79ec000000-7f79ec021000 rw-p 00000000 00:00 0 
7f79ec021000-7f79f0000000 ---p 00000000 00:00 0 
7f79f001f000-7f79f0050000 rw-p 00000000 00:00 0 
7f79f0050000-7f79f0063000 r--s 00345000 08:04 802292                     /usr/lib/jvm/java-8-oracle/jre/lib/resources.jar
7f79f0063000-7f79f007e000 r--s 00208000 08:04 802296                     /usr/lib/jvm/java-8-oracle/jre/lib/deploy.jar
7f79f007e000-7f79f4000000 rw-p 00000000 00:00 0 
7f79f4000000-7f79f4021000 rw-p 00000000 00:00 0 
7f79f4021000-7f79f8000000 ---p 00000000 00:00 0 
7f79f8000000-7f79f8021000 rw-p 00000000 00:00 0 
7f79f8021000-7f79fc000000 ---p 00000000 00:00 0 
7f79fc000000-7f79fc021000 rw-p 00000000 00:00 0 
7f79fc021000-7f7a00000000 ---p 00000000 00:00 0 
7f7a00000000-7f7a00021000 rw-p 00000000 00:00 0 
7f7a00021000-7f7a04000000 ---p 00000000 00:00 0 
7f7a04000000-7f7a04021000 rw-p 00000000 00:00 0 
7f7a04021000-7f7a08000000 ---p 00000000 00:00 0 
7f7a08000000-7f7a08021000 rw-p 00000000 00:00 0 
7f7a08021000-7f7a0c000000 ---p 00000000 00:00 0 
7f7a0c012000-7f7a0cc40000 rw-p 00000000 00:00 0 
7f7a0cc40000-7f7a0d000000 ---p 00000000 00:00 0 
7f7a0d000000-7f7a0d270000 rwxp 00000000 00:00 0 
7f7a0d270000-7f7a1c000000 ---p 00000000 00:00 0 
7f7a1c000000-7f7a1c14b000 rw-p 00000000 00:00 0 
7f7a1c14b000-7f7a20000000 ---p 00000000 00:00 0 
7f7a20005000-7f7a20018000 r--s 000d6000 08:04 802305                     /usr/lib/jvm/java-8-oracle/jre/lib/plugin.jar
7f7a20018000-7f7a20088000 rw-p 00000000 00:00 0 
7f7a20088000-7f7a20261000 r--s 03d29000 08:04 802398                     /usr/lib/jvm/java-8-oracle/jre/lib/rt.jar
7f7a20261000-7f7a206af000 rw-p 00000000 00:00 0 
7f7a206af000-7f7a206b0000 ---p 00000000 00:00 0 
7f7a206b0000-7f7a207b0000 rw-p 00000000 00:00 0 
7f7a207b0000-7f7a207b1000 ---p 00000000 00:00 0 
7f7a207b1000-7f7a208b1000 rw-p 00000000 00:00 0 
7f7a208b1000-7f7a208b2000 ---p 00000000 00:00 0 
7f7a208b2000-7f7a209b2000 rw-p 00000000 00:00 0 
7f7a209b2000-7f7a209b3000 ---p 00000000 00:00 0 
7f7a209b3000-7f7a20ab3000 rw-p 00000000 00:00 0 
7f7a20ab3000-7f7a20ab4000 ---p 00000000 00:00 0 
7f7a20ab4000-7f7a20bb4000 rw-p 00000000 00:00 0 
7f7a20bb4000-7f7a20bb5000 ---p 00000000 00:00 0 
7f7a20bb5000-7f7a20cb5000 rw-p 00000000 00:00 0 
7f7a20cb5000-7f7a20cb6000 ---p 00000000 00:00 0 
7f7a20cb6000-7f7a20db6000 rw-p 00000000 00:00 0 
7f7a20db6000-7f7a20db7000 ---p 00000000 00:00 0 
7f7a20db7000-7f7a20ee1000 rw-p 00000000 00:00 0 
7f7a20ee1000-7f7a21147000 ---p 00000000 00:00 0 
7f7a21147000-7f7a21171000 rw-p 00000000 00:00 0 
7f7a21171000-7f7a213d7000 ---p 00000000 00:00 0 
7f7a213d7000-7f7a2141a000 rw-p 00000000 00:00 0 
7f7a2141a000-7f7a2151f000 ---p 00000000 00:00 0 
7f7a2151f000-7f7a2152a000 rw-p 00000000 00:00 0 
7f7a2152a000-7f7a218e0000 ---p 00000000 00:00 0 
7f7a218e0000-7f7a218fa000 r-xp 00000000 08:04 802410                     /usr/lib/jvm/java-8-oracle/jre/lib/amd64/libzip.so
7f7a218fa000-7f7a21afa000 ---p 0001a000 08:04 802410                     /usr/lib/jvm/java-8-oracle/jre/lib/amd64/libzip.so
7f7a21afa000-7f7a21afb000 rw-p 0001a000 08:04 802410                     /usr/lib/jvm/java-8-oracle/jre/lib/amd64/libzip.so
7f7a21afb000-7f7a21b05000 r-xp 00000000 08:04 270973                     /lib/x86_64-linux-gnu/libnss_files-2.19.so
7f7a21b05000-7f7a21d04000 ---p 0000a000 08:04 270973                     /lib/x86_64-linux-gnu/libnss_files-2.19.so
7f7a21d04000-7f7a21d05000 r--p 00009000 08:04 270973                     /lib/x86_64-linux-gnu/libnss_files-2.19.so
7f7a21d05000-7f7a21d06000 rw-p 0000a000 08:04 270973                     /lib/x86_64-linux-gnu/libnss_files-2.19.so
7f7a21d06000-7f7a21d11000 r-xp 00000000 08:04 270961                     /lib/x86_64-linux-gnu/libnss_nis-2.19.so
7f7a21d11000-7f7a21f10000 ---p 0000b000 08:04 270961                     /lib/x86_64-linux-gnu/libnss_nis-2.19.so
7f7a21f10000-7f7a21f11000 r--p 0000a000 08:04 270961                     /lib/x86_64-linux-gnu/libnss_nis-2.19.so
7f7a21f11000-7f7a21f12000 rw-p 0000b000 08:04 270961                     /lib/x86_64-linux-gnu/libnss_nis-2.19.so
7f7a21f12000-7f7a21f29000 r-xp 00000000 08:04 270957                     /lib/x86_64-linux-gnu/libnsl-2.19.so
7f7a21f29000-7f7a22128000 ---p 00017000 08:04 270957                     /lib/x86_64-linux-gnu/libnsl-2.19.so
7f7a22128000-7f7a22129000 r--p 00016000 08:04 270957                     /lib/x86_64-linux-gnu/libnsl-2.19.so
7f7a22129000-7f7a2212a000 rw-p 00017000 08:04 270957                     /lib/x86_64-linux-gnu/libnsl-2.19.so
7f7a2212a000-7f7a2212c000 rw-p 00000000 00:00 0 
7f7a2212c000-7f7a22135000 r-xp 00000000 08:04 270956                     /lib/x86_64-linux-gnu/libnss_compat-2.19.so
7f7a22135000-7f7a22334000 ---p 00009000 08:04 270956                     /lib/x86_64-linux-gnu/libnss_compat-2.19.so
7f7a22334000-7f7a22335000 r--p 00008000 08:04 270956                     /lib/x86_64-linux-gnu/libnss_compat-2.19.so
7f7a22335000-7f7a22336000 rw-p 00009000 08:04 270956                     /lib/x86_64-linux-gnu/libnss_compat-2.19.so
7f7a22336000-7f7a22360000 r-xp 00000000 08:04 802412                     /usr/lib/jvm/java-8-oracle/jre/lib/amd64/libjava.so
7f7a22360000-7f7a22560000 ---p 0002a000 08:04 802412                     /usr/lib/jvm/java-8-oracle/jre/lib/amd64/libjava.so
7f7a22560000-7f7a22562000 rw-p 0002a000 08:04 802412                     /usr/lib/jvm/java-8-oracle/jre/lib/amd64/libjava.so
7f7a22562000-7f7a2256f000 r-xp 00000000 08:04 805015                     /usr/lib/jvm/java-8-oracle/jre/lib/amd64/libverify.so
7f7a2256f000-7f7a2276f000 ---p 0000d000 08:04 805015                     /usr/lib/jvm/java-8-oracle/jre/lib/amd64/libverify.so
7f7a2276f000-7f7a22771000 rw-p 0000d000 08:04 805015                     /usr/lib/jvm/java-8-oracle/jre/lib/amd64/libverify.so
7f7a22771000-7f7a22778000 r-xp 00000000 08:04 270968                     /lib/x86_64-linux-gnu/librt-2.19.so
7f7a22778000-7f7a22977000 ---p 00007000 08:04 270968                     /lib/x86_64-linux-gnu/librt-2.19.so
7f7a22977000-7f7a22978000 r--p 00006000 08:04 270968                     /lib/x86_64-linux-gnu/librt-2.19.so
7f7a22978000-7f7a22979000 rw-p 00007000 08:04 270968                     /lib/x86_64-linux-gnu/librt-2.19.so
7f7a22979000-7f7a22a7e000 r-xp 00000000 08:04 270934                     /lib/x86_64-linux-gnu/libm-2.19.so
7f7a22a7e000-7f7a22c7d000 ---p 00105000 08:04 270934                     /lib/x86_64-linux-gnu/libm-2.19.so
7f7a22c7d000-7f7a22c7e000 r--p 00104000 08:04 270934                     /lib/x86_64-linux-gnu/libm-2.19.so
7f7a22c7e000-7f7a22c7f000 rw-p 00105000 08:04 270934                     /lib/x86_64-linux-gnu/libm-2.19.so
7f7a22c7f000-7f7a2394a000 r-xp 00000000 08:04 805067                     /usr/lib/jvm/java-8-oracle/jre/lib/amd64/server/libjvm.so
7f7a2394a000-7f7a23b49000 ---p 00ccb000 08:04 805067                     /usr/lib/jvm/java-8-oracle/jre/lib/amd64/server/libjvm.so
7f7a23b49000-7f7a23c22000 rw-p 00cca000 08:04 805067                     /usr/lib/jvm/java-8-oracle/jre/lib/amd64/server/libjvm.so
7f7a23c22000-7f7a23c6d000 rw-p 00000000 00:00 0 
7f7a23c6d000-7f7a23e27000 r-xp 00000000 08:04 270969                     /lib/x86_64-linux-gnu/libc-2.19.so
7f7a23e27000-7f7a24027000 ---p 001ba000 08:04 270969                     /lib/x86_64-linux-gnu/libc-2.19.so
7f7a24027000-7f7a2402b000 r--p 001ba000 08:04 270969                     /lib/x86_64-linux-gnu/libc-2.19.so
7f7a2402b000-7f7a2402d000 rw-p 001be000 08:04 270969                     /lib/x86_64-linux-gnu/libc-2.19.so
7f7a2402d000-7f7a24032000 rw-p 00000000 00:00 0 
7f7a24032000-7f7a24035000 r-xp 00000000 08:04 270944                     /lib/x86_64-linux-gnu/libdl-2.19.so
7f7a24035000-7f7a24234000 ---p 00003000 08:04 270944                     /lib/x86_64-linux-gnu/libdl-2.19.so
7f7a24234000-7f7a24235000 r--p 00002000 08:04 270944                     /lib/x86_64-linux-gnu/libdl-2.19.so
7f7a24235000-7f7a24236000 rw-p 00003000 08:04 270944                     /lib/x86_64-linux-gnu/libdl-2.19.so
7f7a24236000-7f7a2424b000 r-xp 00000000 08:04 802183                     /usr/lib/jvm/java-8-oracle/lib/amd64/jli/libjli.so
7f7a2424b000-7f7a2444b000 ---p 00015000 08:04 802183                     /usr/lib/jvm/java-8-oracle/lib/amd64/jli/libjli.so
7f7a2444b000-7f7a2444c000 rw-p 00015000 08:04 802183                     /usr/lib/jvm/java-8-oracle/lib/amd64/jli/libjli.so
7f7a2444c000-7f7a24465000 r-xp 00000000 08:04 270958                     /lib/x86_64-linux-gnu/libpthread-2.19.so
7f7a24465000-7f7a24664000 ---p 00019000 08:04 270958                     /lib/x86_64-linux-gnu/libpthread-2.19.so
7f7a24664000-7f7a24665000 r--p 00018000 08:04 270958                     /lib/x86_64-linux-gnu/libpthread-2.19.so
7f7a24665000-7f7a24666000 rw-p 00019000 08:04 270958                     /lib/x86_64-linux-gnu/libpthread-2.19.so
7f7a24666000-7f7a2466a000 rw-p 00000000 00:00 0 
7f7a2466a000-7f7a2468d000 r-xp 00000000 08:04 270959                     /lib/x86_64-linux-gnu/ld-2.19.so
7f7a2468f000-7f7a24690000 rw-p 00000000 00:00 0 
7f7a24690000-7f7a24692000 r--s 0001e000 08:04 2758988                    /opt/idea-IU-145.597.3/lib/idea_rt.jar
7f7a24692000-7f7a24696000 r--s 00097000 08:04 802297                     /usr/lib/jvm/java-8-oracle/jre/lib/jsse.jar
7f7a24696000-7f7a24698000 r--s 00007000 08:04 802332                     /usr/lib/jvm/java-8-oracle/jre/lib/jfxswt.jar
7f7a24698000-7f7a2469d000 r--s 00084000 08:04 802282                     /usr/lib/jvm/java-8-oracle/jre/lib/jfr.jar
7f7a2469d000-7f7a24768000 rw-p 00000000 00:00 0 
7f7a24768000-7f7a2476b000 ---p 00000000 00:00 0 
7f7a2476b000-7f7a2486d000 rw-p 00000000 00:00 0 
7f7a2486d000-7f7a2486e000 r--s 00000000 08:04 802284                     /usr/lib/jvm/java-8-oracle/jre/lib/management-agent.jar
7f7a2486e000-7f7a24871000 r--s 0001a000 08:04 802299                     /usr/lib/jvm/java-8-oracle/jre/lib/jce.jar
7f7a24871000-7f7a2487b000 r--s 0006c000 08:04 802391                     /usr/lib/jvm/java-8-oracle/jre/lib/javaws.jar
7f7a2487b000-7f7a24880000 r--s 002f9000 08:04 802329                     /usr/lib/jvm/java-8-oracle/jre/lib/charsets.jar
7f7a24880000-7f7a24888000 rw-s 00000000 08:04 395443                     /tmp/hsperfdata_ankoma88/16226
7f7a24888000-7f7a24889000 rw-p 00000000 00:00 0 
7f7a24889000-7f7a2488a000 ---p 00000000 00:00 0 
7f7a2488a000-7f7a2488c000 rw-p 00000000 00:00 0 
7f7a2488c000-7f7a2488d000 r--p 00022000 08:04 270959                     /lib/x86_64-linux-gnu/ld-2.19.so
7f7a2488d000-7f7a2488e000 rw-p 00023000 08:04 270959                     /lib/x86_64-linux-gnu/ld-2.19.so
7f7a2488e000-7f7a2488f000 rw-p 00000000 00:00 0 
7ffc758a6000-7ffc758c7000 rw-p 00000000 00:00 0                          [stack]
7ffc75907000-7ffc75909000 r--p 00000000 00:00 0                          [vvar]
7ffc75909000-7ffc7590b000 r-xp 00000000 00:00 0                          [vdso]
ffffffffff600000-ffffffffff601000 r-xp 00000000 00:00 0                  [vsyscall]

VM Arguments:
jvm_args: -Didea.launcher.port=7534 -Didea.launcher.bin.path=/opt/idea-IU-145.597.3/bin -Dfile.encoding=UTF-8 
java_command: com.intellij.rt.execution.application.AppMain com.ankoma88.SkiTaskMain
java_class_path (initial): /usr/lib/jvm/java-8-oracle/jre/lib/charsets.jar:/usr/lib/jvm/java-8-oracle/jre/lib/deploy.jar:/usr/lib/jvm/java-8-oracle/jre/lib/ext/cldrdata.jar:/usr/lib/jvm/java-8-oracle/jre/lib/ext/dnsns.jar:/usr/lib/jvm/java-8-oracle/jre/lib/ext/jaccess.jar:/usr/lib/jvm/java-8-oracle/jre/lib/ext/jfxrt.jar:/usr/lib/jvm/java-8-oracle/jre/lib/ext/localedata.jar:/usr/lib/jvm/java-8-oracle/jre/lib/ext/nashorn.jar:/usr/lib/jvm/java-8-oracle/jre/lib/ext/sunec.jar:/usr/lib/jvm/java-8-oracle/jre/lib/ext/sunjce_provider.jar:/usr/lib/jvm/java-8-oracle/jre/lib/ext/sunpkcs11.jar:/usr/lib/jvm/java-8-oracle/jre/lib/ext/zipfs.jar:/usr/lib/jvm/java-8-oracle/jre/lib/javaws.jar:/usr/lib/jvm/java-8-oracle/jre/lib/jce.jar:/usr/lib/jvm/java-8-oracle/jre/lib/jfr.jar:/usr/lib/jvm/java-8-oracle/jre/lib/jfxswt.jar:/usr/lib/jvm/java-8-oracle/jre/lib/jsse.jar:/usr/lib/jvm/java-8-oracle/jre/lib/management-agent.jar:/usr/lib/jvm/java-8-oracle/jre/lib/plugin.jar:/usr/lib/jvm/java-8-oracle/jre/lib/resources.jar:/usr/lib/jvm/java-8-oracle/jre/lib/rt.jar:/home/ankoma88/IdeaProjects/SkiTask/out/production/SkiTask:/opt/idea-IU-145.597.3/lib/idea_rt.jar
Launcher Type: SUN_STANDARD

Environment Variables:
JAVA_HOME=/usr/lib/jvm/java-8-oracle
PATH=/usr/local/sbin:/usr/local/bin:/usr/sbin:/usr/bin:/sbin:/bin:/usr/games:/usr/local/games:/usr/lib/jvm/java-8-oracle/bin:/usr/lib/jvm/java-8-oracle/db/bin:/usr/lib/jvm/java-8-oracle/jre/bin
LD_LIBRARY_PATH=/opt/idea-IU-145.597.3/bin:
SHELL=/bin/bash
DISPLAY=:0

Signal Handlers:
SIGSEGV: [libjvm.so+0xac4790], sa_mask[0]=11111111011111111101111111111110, sa_flags=SA_RESTART|SA_SIGINFO
SIGBUS: [libjvm.so+0xac4790], sa_mask[0]=11111111011111111101111111111110, sa_flags=SA_RESTART|SA_SIGINFO
SIGFPE: [libjvm.so+0x91f140], sa_mask[0]=11111111011111111101111111111110, sa_flags=SA_RESTART|SA_SIGINFO
SIGPIPE: [libjvm.so+0x91f140], sa_mask[0]=11111111011111111101111111111110, sa_flags=SA_RESTART|SA_SIGINFO
SIGXFSZ: [libjvm.so+0x91f140], sa_mask[0]=11111111011111111101111111111110, sa_flags=SA_RESTART|SA_SIGINFO
SIGILL: [libjvm.so+0x91f140], sa_mask[0]=11111111011111111101111111111110, sa_flags=SA_RESTART|SA_SIGINFO
SIGUSR1: SIG_DFL, sa_mask[0]=00000000000000000000000000000000, sa_flags=none
SIGUSR2: [libjvm.so+0x920770], sa_mask[0]=00100000000000000000000000000000, sa_flags=SA_RESTART|SA_SIGINFO
SIGHUP: [libjvm.so+0x921b70], sa_mask[0]=11111111011111111101111111111110, sa_flags=SA_RESTART|SA_SIGINFO
SIGINT: [libjvm.so+0x921b70], sa_mask[0]=11111111011111111101111111111110, sa_flags=SA_RESTART|SA_SIGINFO
SIGTERM: [libjvm.so+0x921b70], sa_mask[0]=11111111011111111101111111111110, sa_flags=SA_RESTART|SA_SIGINFO
SIGQUIT: [libjvm.so+0x921b70], sa_mask[0]=11111111011111111101111111111110, sa_flags=SA_RESTART|SA_SIGINFO


---------------  S Y S T E M  ---------------

OS:DISTRIB_ID=Ubuntu
DISTRIB_RELEASE=14.04
DISTRIB_CODENAME=trusty
DISTRIB_DESCRIPTION="Ubuntu 14.04.5 LTS"

uname:Linux 4.2.0-42-generic #49~14.04.1-Ubuntu SMP Wed Jun 29 20:22:11 UTC 2016 x86_64
libc:glibc 2.19 NPTL 2.19 
rlimit: STACK 8192k, CORE 0k, NPROC 31306, NOFILE 4096, AS infinity
load average:1,63 1,71 1,53

/proc/meminfo:
MemTotal:        8058468 kB
MemFree:          124580 kB
MemAvailable:     102272 kB
Buffers:            2332 kB
Cached:           761076 kB
SwapCached:            0 kB
Active:          7009524 kB
Inactive:         664428 kB
Active(anon):    6966148 kB
Inactive(anon):   628232 kB
Active(file):      43376 kB
Inactive(file):    36196 kB
Unevictable:          76 kB
Mlocked:              76 kB
SwapTotal:             0 kB
SwapFree:              0 kB
Dirty:              3304 kB
Writeback:             0 kB
AnonPages:       6910312 kB
Mapped:           390660 kB
Shmem:            683780 kB
Slab:              96840 kB
SReclaimable:      44752 kB
SUnreclaim:        52088 kB
KernelStack:       16640 kB
PageTables:        74656 kB
NFS_Unstable:          0 kB
Bounce:                0 kB
WritebackTmp:          0 kB
CommitLimit:     4029232 kB
Committed_AS:   16765896 kB
VmallocTotal:   34359738367 kB
VmallocUsed:      389852 kB
VmallocChunk:   34358947836 kB
HardwareCorrupted:     0 kB
AnonHugePages:   2953216 kB
CmaTotal:              0 kB
CmaFree:               0 kB
HugePages_Total:       0
HugePages_Free:        0
HugePages_Rsvd:        0
HugePages_Surp:        0
Hugepagesize:       2048 kB
DirectMap4k:      253928 kB
DirectMap2M:     8017920 kB


CPU:total 8 (4 cores per cpu, 2 threads per core) family 6 model 58 stepping 9, cmov, cx8, fxsr, mmx, sse, sse2, sse3, ssse3, sse4.1, sse4.2, popcnt, avx, clmul, erms, ht, tsc, tscinvbit, tscinv

/proc/cpuinfo:
processor	: 0
vendor_id	: GenuineIntel
cpu family	: 6
model		: 58
model name	: Intel(R) Core(TM) i7-3610QM CPU @ 2.30GHz
stepping	: 9
microcode	: 0x15
cpu MHz		: 3099.968
cache size	: 6144 KB
physical id	: 0
siblings	: 8
core id		: 0
cpu cores	: 4
apicid		: 0
initial apicid	: 0
fpu		: yes
fpu_exception	: yes
cpuid level	: 13
wp		: yes
flags		: fpu vme de pse tsc msr pae mce cx8 apic sep mtrr pge mca cmov pat pse36 clflush dts acpi mmx fxsr sse sse2 ss ht tm pbe syscall nx rdtscp lm constant_tsc arch_perfmon pebs bts rep_good nopl xtopology nonstop_tsc aperfmperf eagerfpu pni pclmulqdq dtes64 monitor ds_cpl vmx est tm2 ssse3 cx16 xtpr pdcm pcid sse4_1 sse4_2 x2apic popcnt tsc_deadline_timer xsave avx f16c rdrand lahf_lm ida arat epb pln pts dtherm tpr_shadow vnmi flexpriority ept vpid fsgsbase smep erms xsaveopt
bugs		:
bogomips	: 4589.33
clflush size	: 64
cache_alignment	: 64
address sizes	: 36 bits physical, 48 bits virtual
power management:

processor	: 1
vendor_id	: GenuineIntel
cpu family	: 6
model		: 58
model name	: Intel(R) Core(TM) i7-3610QM CPU @ 2.30GHz
stepping	: 9
microcode	: 0x15
cpu MHz		: 3099.968
cache size	: 6144 KB
physical id	: 0
siblings	: 8
core id		: 1
cpu cores	: 4
apicid		: 2
initial apicid	: 2
fpu		: yes
fpu_exception	: yes
cpuid level	: 13
wp		: yes
flags		: fpu vme de pse tsc msr pae mce cx8 apic sep mtrr pge mca cmov pat pse36 clflush dts acpi mmx fxsr sse sse2 ss ht tm pbe syscall nx rdtscp lm constant_tsc arch_perfmon pebs bts rep_good nopl xtopology nonstop_tsc aperfmperf eagerfpu pni pclmulqdq dtes64 monitor ds_cpl vmx est tm2 ssse3 cx16 xtpr pdcm pcid sse4_1 sse4_2 x2apic popcnt tsc_deadline_timer xsave avx f16c rdrand lahf_lm ida arat epb pln pts dtherm tpr_shadow vnmi flexpriority ept vpid fsgsbase smep erms xsaveopt
bugs		:
bogomips	: 4589.33
clflush size	: 64
cache_alignment	: 64
address sizes	: 36 bits physical, 48 bits virtual
power management:

processor	: 2
vendor_id	: GenuineIntel
cpu family	: 6
model		: 58
model name	: Intel(R) Core(TM) i7-3610QM CPU @ 2.30GHz
stepping	: 9
microcode	: 0x15
cpu MHz		: 3099.968
cache size	: 6144 KB
physical id	: 0
siblings	: 8
core id		: 2
cpu cores	: 4
apicid		: 4
initial apicid	: 4
fpu		: yes
fpu_exception	: yes
cpuid level	: 13
wp		: yes
flags		: fpu vme de pse tsc msr pae mce cx8 apic sep mtrr pge mca cmov pat pse36 clflush dts acpi mmx fxsr sse sse2 ss ht tm pbe syscall nx rdtscp lm constant_tsc arch_perfmon pebs bts rep_good nopl xtopology nonstop_tsc aperfmperf eagerfpu pni pclmulqdq dtes64 monitor ds_cpl vmx est tm2 ssse3 cx16 xtpr pdcm pcid sse4_1 sse4_2 x2apic popcnt tsc_deadline_timer xsave avx f16c rdrand lahf_lm ida arat epb pln pts dtherm tpr_shadow vnmi flexpriority ept vpid fsgsbase smep erms xsaveopt
bugs		:
bogomips	: 4589.33
clflush size	: 64
cache_alignment	: 64
address sizes	: 36 bits physical, 48 bits virtual
power management:

processor	: 3
vendor_id	: GenuineIntel
cpu family	: 6
model		: 58
model name	: Intel(R) Core(TM) i7-3610QM CPU @ 2.30GHz
stepping	: 9
microcode	: 0x15
cpu MHz		: 3099.968
cache size	: 6144 KB
physical id	: 0
siblings	: 8
core id		: 3
cpu cores	: 4
apicid		: 6
initial apicid	: 6
fpu		: yes
fpu_exception	: yes
cpuid level	: 13
wp		: yes
flags		: fpu vme de pse tsc msr pae mce cx8 apic sep mtrr pge mca cmov pat pse36 clflush dts acpi mmx fxsr sse sse2 ss ht tm pbe syscall nx rdtscp lm constant_tsc arch_perfmon pebs bts rep_good nopl xtopology nonstop_tsc aperfmperf eagerfpu pni pclmulqdq dtes64 monitor ds_cpl vmx est tm2 ssse3 cx16 xtpr pdcm pcid sse4_1 sse4_2 x2apic popcnt tsc_deadline_timer xsave avx f16c rdrand lahf_lm ida arat epb pln pts dtherm tpr_shadow vnmi flexpriority ept vpid fsgsbase smep erms xsaveopt
bugs		:
bogomips	: 4589.33
clflush size	: 64
cache_alignment	: 64
address sizes	: 36 bits physical, 48 bits virtual
power management:

processor	: 4
vendor_id	: GenuineIntel
cpu family	: 6
model		: 58
model name	: Intel(R) Core(TM) i7-3610QM CPU @ 2.30GHz
stepping	: 9
microcode	: 0x15
cpu MHz		: 3099.968
cache size	: 6144 KB
physical id	: 0
siblings	: 8
core id		: 0
cpu cores	: 4
apicid		: 1
initial apicid	: 1
fpu		: yes
fpu_exception	: yes
cpuid level	: 13
wp		: yes
flags		: fpu vme de pse tsc msr pae mce cx8 apic sep mtrr pge mca cmov pat pse36 clflush dts acpi mmx fxsr sse sse2 ss ht tm pbe syscall nx rdtscp lm constant_tsc arch_perfmon pebs bts rep_good nopl xtopology nonstop_tsc aperfmperf eagerfpu pni pclmulqdq dtes64 monitor ds_cpl vmx est tm2 ssse3 cx16 xtpr pdcm pcid sse4_1 sse4_2 x2apic popcnt tsc_deadline_timer xsave avx f16c rdrand lahf_lm ida arat epb pln pts dtherm tpr_shadow vnmi flexpriority ept vpid fsgsbase smep erms xsaveopt
bugs		:
bogomips	: 4589.33
clflush size	: 64
cache_alignment	: 64
address sizes	: 36 bits physical, 48 bits virtual
power management:

processor	: 5
vendor_id	: GenuineIntel
cpu family	: 6
model		: 58
model name	: Intel(R) Core(TM) i7-3610QM CPU @ 2.30GHz
stepping	: 9
microcode	: 0x15
cpu MHz		: 3099.968
cache size	: 6144 KB
physical id	: 0
siblings	: 8
core id		: 1
cpu cores	: 4
apicid		: 3
initial apicid	: 3
fpu		: yes
fpu_exception	: yes
cpuid level	: 13
wp		: yes
flags		: fpu vme de pse tsc msr pae mce cx8 apic sep mtrr pge mca cmov pat pse36 clflush dts acpi mmx fxsr sse sse2 ss ht tm pbe syscall nx rdtscp lm constant_tsc arch_perfmon pebs bts rep_good nopl xtopology nonstop_tsc aperfmperf eagerfpu pni pclmulqdq dtes64 monitor ds_cpl vmx est tm2 ssse3 cx16 xtpr pdcm pcid sse4_1 sse4_2 x2apic popcnt tsc_deadline_timer xsave avx f16c rdrand lahf_lm ida arat epb pln pts dtherm tpr_shadow vnmi flexpriority ept vpid fsgsbase smep erms xsaveopt
bugs		:
bogomips	: 4589.33
clflush size	: 64
cache_alignment	: 64
address sizes	: 36 bits physical, 48 bits virtual
power management:

processor	: 6
vendor_id	: GenuineIntel
cpu family	: 6
model		: 58
model name	: Intel(R) Core(TM) i7-3610QM CPU @ 2.30GHz
stepping	: 9
microcode	: 0x15
cpu MHz		: 3099.968
cache size	: 6144 KB
physical id	: 0
siblings	: 8
core id		: 2
cpu cores	: 4
apicid		: 5
initial apicid	: 5
fpu		: yes
fpu_exception	: yes
cpuid level	: 13
wp		: yes
flags		: fpu vme de pse tsc msr pae mce cx8 apic sep mtrr pge mca cmov pat pse36 clflush dts acpi mmx fxsr sse sse2 ss ht tm pbe syscall nx rdtscp lm constant_tsc arch_perfmon pebs bts rep_good nopl xtopology nonstop_tsc aperfmperf eagerfpu pni pclmulqdq dtes64 monitor ds_cpl vmx est tm2 ssse3 cx16 xtpr pdcm pcid sse4_1 sse4_2 x2apic popcnt tsc_deadline_timer xsave avx f16c rdrand lahf_lm ida arat epb pln pts dtherm tpr_shadow vnmi flexpriority ept vpid fsgsbase smep erms xsaveopt
bugs		:
bogomips	: 4589.33
clflush size	: 64
cache_alignment	: 64
address sizes	: 36 bits physical, 48 bits virtual
power management:

processor	: 7
vendor_id	: GenuineIntel
cpu family	: 6
model		: 58
model name	: Intel(R) Core(TM) i7-3610QM CPU @ 2.30GHz
stepping	: 9
microcode	: 0x15
cpu MHz		: 3099.968
cache size	: 6144 KB
physical id	: 0
siblings	: 8
core id		: 3
cpu cores	: 4
apicid		: 7
initial apicid	: 7
fpu		: yes
fpu_exception	: yes
cpuid level	: 13
wp		: yes
flags		: fpu vme de pse tsc msr pae mce cx8 apic sep mtrr pge mca cmov pat pse36 clflush dts acpi mmx fxsr sse sse2 ss ht tm pbe syscall nx rdtscp lm constant_tsc arch_perfmon pebs bts rep_good nopl xtopology nonstop_tsc aperfmperf eagerfpu pni pclmulqdq dtes64 monitor ds_cpl vmx est tm2 ssse3 cx16 xtpr pdcm pcid sse4_1 sse4_2 x2apic popcnt tsc_deadline_timer xsave avx f16c rdrand lahf_lm ida arat epb pln pts dtherm tpr_shadow vnmi flexpriority ept vpid fsgsbase smep erms xsaveopt
bugs		:
bogomips	: 4589.33
clflush size	: 64
cache_alignment	: 64
address sizes	: 36 bits physical, 48 bits virtual
power management:



Memory: 4k page, physical 8058468k(121852k free), swap 0k(0k free)

vm_info: Java HotSpot(TM) 64-Bit Server VM (25.101-b13) for linux-amd64 JRE (1.8.0_101-b13), built on Jun 22 2016 02:59:44 by "java_re" with gcc 4.3.0 20080428 (Red Hat 4.3.0-8)

time: Thu Aug 18 17:27:33 2016
elapsed time: 0 seconds (0d 0h 0m 0s)

