#
# There is insufficient memory for the Java Runtime Environment to continue.
# Native memory allocation (mmap) failed to map 147849216 bytes for committing reserved memory.
# Possible reasons:
#   The system is out of physical RAM or swap space
#   In 32 bit mode, the process size limit was hit
# Possible solutions:
#   Reduce memory load on the system
#   Increase physical memory or swap space
#   Check if swap backing store is full
#   Use 64 bit Java on a 64 bit OS
#   Decrease Java heap size (-Xmx/-Xms)
#   Decrease number of Java threads
#   Decrease Java thread stack sizes (-Xss)
#   Set larger code cache with -XX:ReservedCodeCacheSize=
# This output file may be truncated or incomplete.
#
#  Out of Memory Error (os_linux.cpp:2627), pid=16174, tid=0x00007f6b866a4700
#
# JRE version: Java(TM) SE Runtime Environment (8.0_101-b13) (build 1.8.0_101-b13)
# Java VM: Java HotSpot(TM) 64-Bit Server VM (25.101-b13 mixed mode linux-amd64 compressed oops)
# Failed to write core dump. Core dumps have been disabled. To enable core dumping, try "ulimit -c unlimited" before starting Java again
#

---------------  T H R E A D  ---------------

Current thread (0x00007f6bb8080800):  VMThread [stack: 0x00007f6b865a4000,0x00007f6b866a5000] [id=16197]

Stack: [0x00007f6b865a4000,0x00007f6b866a5000],  sp=0x00007f6b866a2fe0,  free space=1019k
Native frames: (J=compiled Java code, j=interpreted, Vv=VM code, C=native code)
V  [libjvm.so+0xac3f0a]  VMError::report_and_die()+0x2ba
V  [libjvm.so+0x4fbf9b]  report_vm_out_of_memory(char const*, int, unsigned long, VMErrorType, char const*)+0x8b
V  [libjvm.so+0x9222d3]  os::Linux::commit_memory_impl(char*, unsigned long, bool)+0x103
V  [libjvm.so+0x922829]  os::pd_commit_memory(char*, unsigned long, unsigned long, bool)+0x29
V  [libjvm.so+0x91cb2a]  os::commit_memory(char*, unsigned long, unsigned long, bool)+0x2a
V  [libjvm.so+0x991053]  PSVirtualSpace::expand_by(unsigned long)+0x53
V  [libjvm.so+0x992458]  PSYoungGen::resize_generation(unsigned long, unsigned long)+0xf8
V  [libjvm.so+0x9915b2]  PSYoungGen::resize(unsigned long, unsigned long)+0x22
V  [libjvm.so+0x98e88b]  PSScavenge::invoke_no_policy()+0xf3b
V  [libjvm.so+0x98f011]  PSScavenge::invoke()+0x41
V  [libjvm.so+0x945fc0]  ParallelScavengeHeap::failed_mem_allocate(unsigned long)+0x70
V  [libjvm.so+0xac5927]  VM_ParallelGCFailedAllocation::doit()+0x97
V  [libjvm.so+0xacd405]  VM_Operation::evaluate()+0x55
V  [libjvm.so+0xacb7da]  VMThread::evaluate_operation(VM_Operation*)+0xba
V  [libjvm.so+0xacbb5e]  VMThread::loop()+0x1ce
V  [libjvm.so+0xacbfd0]  VMThread::run()+0x70
V  [libjvm.so+0x924698]  java_start(Thread*)+0x108

VM_Operation (0x00007f6bc00b3d90): ParallelGCFailedAllocation, mode: safepoint, requested by thread 0x00007f6bb800a800


---------------  P R O C E S S  ---------------

Java Threads: ( => current thread )
  0x00007f6bb813e800 JavaThread "Monitor Ctrl-Break" daemon [_thread_in_native, id=16216, stack(0x00007f6b85139000,0x00007f6b8523a000)]
  0x00007f6bb80d4000 JavaThread "Service Thread" daemon [_thread_blocked, id=16212, stack(0x00007f6b85550000,0x00007f6b85651000)]
  0x00007f6bb80c9000 JavaThread "C1 CompilerThread3" daemon [_thread_blocked, id=16211, stack(0x00007f6b85651000,0x00007f6b85752000)]
  0x00007f6bb80c7000 JavaThread "C2 CompilerThread2" daemon [_thread_in_native, id=16210, stack(0x00007f6b85752000,0x00007f6b85853000)]
  0x00007f6bb80c5000 JavaThread "C2 CompilerThread1" daemon [_thread_in_native, id=16209, stack(0x00007f6b85853000,0x00007f6b85954000)]
  0x00007f6bb80c2000 JavaThread "C2 CompilerThread0" daemon [_thread_in_native, id=16208, stack(0x00007f6b85954000,0x00007f6b85a55000)]
  0x00007f6bb80c0800 JavaThread "Signal Dispatcher" daemon [_thread_blocked, id=16207, stack(0x00007f6b85a55000,0x00007f6b85b56000)]
  0x00007f6bb808c800 JavaThread "Finalizer" daemon [_thread_blocked, id=16200, stack(0x00007f6b863a2000,0x00007f6b864a3000)]
  0x00007f6bb8088000 JavaThread "Reference Handler" daemon [_thread_blocked, id=16199, stack(0x00007f6b864a3000,0x00007f6b865a4000)]
  0x00007f6bb800a800 JavaThread "main" [_thread_blocked, id=16175, stack(0x00007f6bbffb5000,0x00007f6bc00b6000)]

Other Threads:
=>0x00007f6bb8080800 VMThread [stack: 0x00007f6b865a4000,0x00007f6b866a5000] [id=16197]
  0x00007f6bb80d7000 WatcherThread [stack: 0x00007f6b8544f000,0x00007f6b85550000] [id=16214]

VM state:at safepoint (normal execution)

VM Mutex/Monitor currently owned by a thread:  ([mutex/lock_event])
[0x00007f6bb8006990] Threads_lock - owner thread: 0x00007f6bb8080800
[0x00007f6bb8006e90] Heap_lock - owner thread: 0x00007f6bb800a800

Heap:
 PSYoungGen      total 132096K, used 5104K [0x00000000d7000000, 0x00000000df600000, 0x0000000100000000)
  eden space 126976K, 0% used [0x00000000d7000000,0x00000000d7000000,0x00000000dec00000)
  from space 5120K, 99% used [0x00000000dec00000,0x00000000df0fc388,0x00000000df100000)
  to   space 5120K, 0% used [0x00000000df100000,0x00000000df100000,0x00000000df600000)
 ParOldGen       total 84992K, used 25200K [0x0000000085000000, 0x000000008a300000, 0x00000000d7000000)
  object space 84992K, 29% used [0x0000000085000000,0x000000008689c000,0x000000008a300000)
 Metaspace       used 3262K, capacity 4562K, committed 4864K, reserved 1056768K
  class space    used 344K, capacity 386K, committed 512K, reserved 1048576K

Card table byte_map: [0x00007f6bbc994000,0x00007f6bbcd6d000] byte_map_base: 0x00007f6bbc56c000

Marking Bits: (ParMarkBitMap*) 0x00007f6bbf48d120
 Begin Bits: [0x00007f6b8c280000, 0x00007f6b8e140000)
 End Bits:   [0x00007f6b8e140000, 0x00007f6b90000000)

Polling page: 0x00007f6bc00d6000

CodeCache: size=245760Kb used=1729Kb max_used=1747Kb free=244030Kb
 bounds [0x00007f6ba9000000, 0x00007f6ba9270000, 0x00007f6bb8000000]
 total_blobs=446 nmethods=193 adapters=168
 compilation: enabled

Compilation events (10 events):
Event: 0,438 Thread 0x00007f6bb80c2000  191       4       java.util.HashMap::putVal (300 bytes)
Event: 0,438 Thread 0x00007f6bb80c5000  192       4       java.util.HashMap::put (13 bytes)
Event: 0,449 Thread 0x00007f6bb80c5000 nmethod 192 0x00007f6ba91ab550 code [0x00007f6ba91ab720, 0x00007f6ba91ac0c8]
Event: 0,449 Thread 0x00007f6bb80c5000  194       4       java.util.HashMap::get (23 bytes)
Event: 0,452 Thread 0x00007f6bb80c2000 nmethod 191 0x00007f6ba91af5d0 code [0x00007f6ba91af7c0, 0x00007f6ba91b02c8]
Event: 0,452 Thread 0x00007f6bb80c2000  193       4       com.ankoma88.SkiTaskMain::getLongestPath (154 bytes)
Event: 0,455 Thread 0x00007f6bb80c5000 nmethod 194 0x00007f6ba91ae950 code [0x00007f6ba91aeae0, 0x00007f6ba91af098]
Event: 0,455 Thread 0x00007f6bb80c5000  195       4       com.ankoma88.SkiTaskMain::getLeftDirection (106 bytes)
Event: 0,469 Thread 0x00007f6bb80c7000 nmethod 170 0x00007f6ba91b5c50 code [0x00007f6ba91b5ec0, 0x00007f6ba91b7748]
Event: 0,469 Thread 0x00007f6bb80c7000  196       4       com.ankoma88.SkiTaskMain::getRightDirection (110 bytes)

GC Heap History (9 events):
Event: 0,290 GC heap before
{Heap before GC invocations=1 (full 0):
 PSYoungGen      total 36864K, used 31744K [0x00000000d7000000, 0x00000000d9900000, 0x0000000100000000)
  eden space 31744K, 100% used [0x00000000d7000000,0x00000000d8f00000,0x00000000d8f00000)
  from space 5120K, 0% used [0x00000000d9400000,0x00000000d9400000,0x00000000d9900000)
  to   space 5120K, 0% used [0x00000000d8f00000,0x00000000d8f00000,0x00000000d9400000)
 ParOldGen       total 84992K, used 0K [0x0000000085000000, 0x000000008a300000, 0x00000000d7000000)
  object space 84992K, 0% used [0x0000000085000000,0x0000000085000000,0x000000008a300000)
 Metaspace       used 3232K, capacity 4562K, committed 4864K, reserved 1056768K
  class space    used 344K, capacity 386K, committed 512K, reserved 1048576K
Event: 0,298 GC heap after
Heap after GC invocations=1 (full 0):
 PSYoungGen      total 36864K, used 5088K [0x00000000d7000000, 0x00000000db800000, 0x0000000100000000)
  eden space 31744K, 0% used [0x00000000d7000000,0x00000000d7000000,0x00000000d8f00000)
  from space 5120K, 99% used [0x00000000d8f00000,0x00000000d93f8020,0x00000000d9400000)
  to   space 5120K, 0% used [0x00000000db300000,0x00000000db300000,0x00000000db800000)
 ParOldGen       total 84992K, used 3456K [0x0000000085000000, 0x000000008a300000, 0x00000000d7000000)
  object space 84992K, 4% used [0x0000000085000000,0x0000000085360000,0x000000008a300000)
 Metaspace       used 3232K, capacity 4562K, committed 4864K, reserved 1056768K
  class space    used 344K, capacity 386K, committed 512K, reserved 1048576K
}
Event: 0,351 GC heap before
{Heap before GC invocations=2 (full 0):
 PSYoungGen      total 36864K, used 36832K [0x00000000d7000000, 0x00000000db800000, 0x0000000100000000)
  eden space 31744K, 100% used [0x00000000d7000000,0x00000000d8f00000,0x00000000d8f00000)
  from space 5120K, 99% used [0x00000000d8f00000,0x00000000d93f8020,0x00000000d9400000)
  to   space 5120K, 0% used [0x00000000db300000,0x00000000db300000,0x00000000db800000)
 ParOldGen       total 84992K, used 3456K [0x0000000085000000, 0x000000008a300000, 0x00000000d7000000)
  object space 84992K, 4% used [0x0000000085000000,0x0000000085360000,0x000000008a300000)
 Metaspace       used 3235K, capacity 4562K, committed 4864K, reserved 1056768K
  class space    used 344K, capacity 386K, committed 512K, reserved 1048576K
Event: 0,362 GC heap after
Heap after GC invocations=2 (full 0):
 PSYoungGen      total 68608K, used 5104K [0x00000000d7000000, 0x00000000db800000, 0x0000000100000000)
  eden space 63488K, 0% used [0x00000000d7000000,0x00000000d7000000,0x00000000dae00000)
  from space 5120K, 99% used [0x00000000db300000,0x00000000db7fc010,0x00000000db800000)
  to   space 5120K, 0% used [0x00000000dae00000,0x00000000dae00000,0x00000000db300000)
 ParOldGen       total 84992K, used 8552K [0x0000000085000000, 0x000000008a300000, 0x00000000d7000000)
  object space 84992K, 10% used [0x0000000085000000,0x000000008585a000,0x000000008a300000)
 Metaspace       used 3235K, capacity 4562K, committed 4864K, reserved 1056768K
  class space    used 344K, capacity 386K, committed 512K, reserved 1048576K
}
Event: 0,470 GC heap before
{Heap before GC invocations=3 (full 0):
 PSYoungGen      total 68608K, used 68592K [0x00000000d7000000, 0x00000000db800000, 0x0000000100000000)
  eden space 63488K, 100% used [0x00000000d7000000,0x00000000dae00000,0x00000000dae00000)
  from space 5120K, 99% used [0x00000000db300000,0x00000000db7fc010,0x00000000db800000)
  to   space 5120K, 0% used [0x00000000dae00000,0x00000000dae00000,0x00000000db300000)
 ParOldGen       total 84992K, used 8552K [0x0000000085000000, 0x000000008a300000, 0x00000000d7000000)
  object space 84992K, 10% used [0x0000000085000000,0x000000008585a000,0x000000008a300000)
 Metaspace       used 3262K, capacity 4562K, committed 4864K, reserved 1056768K
  class space    used 344K, capacity 386K, committed 512K, reserved 1048576K
Event: 0,485 GC heap after
Heap after GC invocations=3 (full 0):
 PSYoungGen      total 68608K, used 5110K [0x00000000d7000000, 0x00000000df600000, 0x0000000100000000)
  eden space 63488K, 0% used [0x00000000d7000000,0x00000000d7000000,0x00000000dae00000)
  from space 5120K, 99% used [0x00000000dae00000,0x00000000db2fdbd8,0x00000000db300000)
  to   space 5120K, 0% used [0x00000000df100000,0x00000000df100000,0x00000000df600000)
 ParOldGen       total 84992K, used 16224K [0x0000000085000000, 0x000000008a300000, 0x00000000d7000000)
  object space 84992K, 19% used [0x0000000085000000,0x0000000085fd8000,0x000000008a300000)
 Metaspace       used 3262K, capacity 4562K, committed 4864K, reserved 1056768K
  class space    used 344K, capacity 386K, committed 512K, reserved 1048576K
}
Event: 0,563 GC heap before
{Heap before GC invocations=4 (full 0):
 PSYoungGen      total 68608K, used 68598K [0x00000000d7000000, 0x00000000df600000, 0x0000000100000000)
  eden space 63488K, 100% used [0x00000000d7000000,0x00000000dae00000,0x00000000dae00000)
  from space 5120K, 99% used [0x00000000dae00000,0x00000000db2fdbd8,0x00000000db300000)
  to   space 5120K, 0% used [0x00000000df100000,0x00000000df100000,0x00000000df600000)
 ParOldGen       total 84992K, used 16224K [0x0000000085000000, 0x000000008a300000, 0x00000000d7000000)
  object space 84992K, 19% used [0x0000000085000000,0x0000000085fd8000,0x000000008a300000)
 Metaspace       used 3262K, capacity 4562K, committed 4864K, reserved 1056768K
  class space    used 344K, capacity 386K, committed 512K, reserved 1048576K
Event: 0,579 GC heap after
Heap after GC invocations=4 (full 0):
 PSYoungGen      total 132096K, used 5113K [0x00000000d7000000, 0x00000000df600000, 0x0000000100000000)
  eden space 126976K, 0% used [0x00000000d7000000,0x00000000d7000000,0x00000000dec00000)
  from space 5120K, 99% used [0x00000000df100000,0x00000000df5fe530,0x00000000df600000)
  to   space 5120K, 0% used [0x00000000dec00000,0x00000000dec00000,0x00000000df100000)
 ParOldGen       total 84992K, used 19288K [0x0000000085000000, 0x000000008a300000, 0x00000000d7000000)
  object space 84992K, 22% used [0x0000000085000000,0x00000000862d6000,0x000000008a300000)
 Metaspace       used 3262K, capacity 4562K, committed 4864K, reserved 1056768K
  class space    used 344K, capacity 386K, committed 512K, reserved 1048576K
}
Event: 0,752 GC heap before
{Heap before GC invocations=5 (full 0):
 PSYoungGen      total 132096K, used 132089K [0x00000000d7000000, 0x00000000df600000, 0x0000000100000000)
  eden space 126976K, 100% used [0x00000000d7000000,0x00000000dec00000,0x00000000dec00000)
  from space 5120K, 99% used [0x00000000df100000,0x00000000df5fe530,0x00000000df600000)
  to   space 5120K, 0% used [0x00000000dec00000,0x00000000dec00000,0x00000000df100000)
 ParOldGen       total 84992K, used 19288K [0x0000000085000000, 0x000000008a300000, 0x00000000d7000000)
  object space 84992K, 22% used [0x0000000085000000,0x00000000862d6000,0x000000008a300000)
 Metaspace       used 3262K, capacity 4562K, committed 4864K, reserved 1056768K
  class space    used 344K, capacity 386K, committed 512K, reserved 1048576K

Deoptimization events (8 events):
Event: 0,285 Thread 0x00007f6bb800a800 Uncommon trap: reason=predicate action=maybe_recompile pc=0x00007f6ba91759e8 method=java.util.AbstractCollection.toArray([Ljava/lang/Object;)[Ljava/lang/Object; @ 49
Event: 0,285 Thread 0x00007f6bb800a800 Uncommon trap: reason=array_check action=maybe_recompile pc=0x00007f6ba915739c method=java.util.AbstractCollection.toArray([Ljava/lang/Object;)[Ljava/lang/Object; @ 119
Event: 0,285 Thread 0x00007f6bb800a800 Uncommon trap: reason=array_check action=maybe_recompile pc=0x00007f6ba915739c method=java.util.AbstractCollection.toArray([Ljava/lang/Object;)[Ljava/lang/Object; @ 119
Event: 0,286 Thread 0x00007f6bb800a800 Uncommon trap: reason=array_check action=maybe_recompile pc=0x00007f6ba915739c method=java.util.AbstractCollection.toArray([Ljava/lang/Object;)[Ljava/lang/Object; @ 119
Event: 0,286 Thread 0x00007f6bb800a800 Uncommon trap: reason=array_check action=maybe_recompile pc=0x00007f6ba915739c method=java.util.AbstractCollection.toArray([Ljava/lang/Object;)[Ljava/lang/Object; @ 119
Event: 0,399 Thread 0x00007f6bb800a800 Uncommon trap: reason=unstable_if action=reinterpret pc=0x00007f6ba9173960 method=java.io.BufferedReader.readLine(Z)Ljava/lang/String; @ 55
Event: 0,399 Thread 0x00007f6bb800a800 Uncommon trap: reason=unstable_if action=reinterpret pc=0x00007f6ba916d3e4 method=com.ankoma88.SkiTaskMain.main([Ljava/lang/String;)V @ 84
Event: 0,399 Thread 0x00007f6bb800a800 Uncommon trap: reason=unstable_if action=reinterpret pc=0x00007f6ba9188be0 method=java.lang.String.split(Ljava/lang/String;I)[Ljava/lang/String; @ 207

Internal exceptions (2 events):
Event: 0,050 Thread 0x00007f6bb800a800 Exception <a 'java/lang/NoSuchMethodError': Method sun.misc.Unsafe.defineClass(Ljava/lang/String;[BII)Ljava/lang/Class; name or signature does not match> (0x00000000d7007cc0) thrown at [/HUDSON3/workspace/8-2-build-linux-amd64/jdk8u101/7261/hotspot/src/sh
Event: 0,050 Thread 0x00007f6bb800a800 Exception <a 'java/lang/NoSuchMethodError': Method sun.misc.Unsafe.prefetchRead(Ljava/lang/Object;J)V name or signature does not match> (0x00000000d7007fa8) thrown at [/HUDSON3/workspace/8-2-build-linux-amd64/jdk8u101/7261/hotspot/src/share/vm/prims/jni.c

Events (10 events):
Event: 0,461 Thread 0x00007f6bb800a800 DEOPT UNPACKING pc=0x00007f6ba9047633 sp=0x00007f6bc00b3c30 mode 0
Event: 0,464 Thread 0x00007f6bb800a800 DEOPT PACKING pc=0x00007f6ba919071e sp=0x00007f6bc00b3e50
Event: 0,464 Thread 0x00007f6bb800a800 DEOPT UNPACKING pc=0x00007f6ba9047633 sp=0x00007f6bc00b3c40 mode 0
Event: 0,467 Thread 0x00007f6bb800a800 DEOPT PACKING pc=0x00007f6ba919071e sp=0x00007f6bc00b3bd0
Event: 0,467 Thread 0x00007f6bb800a800 DEOPT UNPACKING pc=0x00007f6ba9047633 sp=0x00007f6bc00b39c0 mode 0
Event: 0,469 Executing VM operation: ParallelGCFailedAllocation
Event: 0,485 Executing VM operation: ParallelGCFailedAllocation done
Event: 0,563 Executing VM operation: ParallelGCFailedAllocation
Event: 0,579 Executing VM operation: ParallelGCFailedAllocation done
Event: 0,752 Executing VM operation: ParallelGCFailedAllocation


Dynamic libraries:
00400000-00401000 r-xp 00000000 08:04 805299                             /usr/lib/jvm/java-8-oracle/bin/java
00600000-00601000 rw-p 00000000 08:04 805299                             /usr/lib/jvm/java-8-oracle/bin/java
01332000-01353000 rw-p 00000000 00:00 0                                  [heap]
85000000-8a300000 rw-p 00000000 00:00 0 
8a300000-d7000000 ---p 00000000 00:00 0 
d7000000-df600000 rw-p 00000000 00:00 0 
e8300000-100000000 ---p 00000000 00:00 0 
100000000-100080000 rw-p 00000000 00:00 0 
100080000-140000000 ---p 00000000 00:00 0 
7f6b54000000-7f6b54021000 rw-p 00000000 00:00 0 
7f6b54021000-7f6b58000000 ---p 00000000 00:00 0 
7f6b58000000-7f6b58021000 rw-p 00000000 00:00 0 
7f6b58021000-7f6b5c000000 ---p 00000000 00:00 0 
7f6b5c000000-7f6b5c139000 rw-p 00000000 00:00 0 
7f6b5c139000-7f6b60000000 ---p 00000000 00:00 0 
7f6b60000000-7f6b60021000 rw-p 00000000 00:00 0 
7f6b60021000-7f6b64000000 ---p 00000000 00:00 0 
7f6b64000000-7f6b651d0000 rw-p 00000000 00:00 0 
7f6b651d0000-7f6b68000000 ---p 00000000 00:00 0 
7f6b68000000-7f6b68f9a000 rw-p 00000000 00:00 0 
7f6b68f9a000-7f6b6c000000 ---p 00000000 00:00 0 
7f6b6c000000-7f6b6c021000 rw-p 00000000 00:00 0 
7f6b6c021000-7f6b70000000 ---p 00000000 00:00 0 
7f6b70000000-7f6b7150c000 rw-p 00000000 00:00 0 
7f6b7150c000-7f6b74000000 ---p 00000000 00:00 0 
7f6b74000000-7f6b74021000 rw-p 00000000 00:00 0 
7f6b74021000-7f6b78000000 ---p 00000000 00:00 0 
7f6b78000000-7f6b78021000 rw-p 00000000 00:00 0 
7f6b78021000-7f6b7c000000 ---p 00000000 00:00 0 
7f6b7c000000-7f6b7c0ff000 rw-p 00000000 00:00 0 
7f6b7c0ff000-7f6b80000000 ---p 00000000 00:00 0 
7f6b80000000-7f6b80021000 rw-p 00000000 00:00 0 
7f6b80021000-7f6b84000000 ---p 00000000 00:00 0 
7f6b84b49000-7f6b84ce0000 rw-p 00000000 00:00 0 
7f6b84ce0000-7f6b84cf1000 r-xp 00000000 08:04 802422                     /usr/lib/jvm/java-8-oracle/jre/lib/amd64/libnio.so
7f6b84cf1000-7f6b84ef0000 ---p 00011000 08:04 802422                     /usr/lib/jvm/java-8-oracle/jre/lib/amd64/libnio.so
7f6b84ef0000-7f6b84ef1000 rw-p 00010000 08:04 802422                     /usr/lib/jvm/java-8-oracle/jre/lib/amd64/libnio.so
7f6b84ef1000-7f6b84f22000 rw-p 00000000 00:00 0 
7f6b84f22000-7f6b84f38000 r-xp 00000000 08:04 805063                     /usr/lib/jvm/java-8-oracle/jre/lib/amd64/libnet.so
7f6b84f38000-7f6b85138000 ---p 00016000 08:04 805063                     /usr/lib/jvm/java-8-oracle/jre/lib/amd64/libnet.so
7f6b85138000-7f6b85139000 rw-p 00016000 08:04 805063                     /usr/lib/jvm/java-8-oracle/jre/lib/amd64/libnet.so
7f6b85139000-7f6b8513c000 ---p 00000000 00:00 0 
7f6b8513c000-7f6b8523a000 rw-p 00000000 00:00 0 
7f6b8523a000-7f6b8523b000 r-xp 00000000 08:04 2758889                    /opt/idea-IU-145.597.3/bin/libbreakgen64.so
7f6b8523b000-7f6b8543a000 ---p 00001000 08:04 2758889                    /opt/idea-IU-145.597.3/bin/libbreakgen64.so
7f6b8543a000-7f6b8543b000 r--p 00000000 08:04 2758889                    /opt/idea-IU-145.597.3/bin/libbreakgen64.so
7f6b8543b000-7f6b8543c000 rw-p 00001000 08:04 2758889                    /opt/idea-IU-145.597.3/bin/libbreakgen64.so
7f6b8543c000-7f6b8544f000 r--s 00345000 08:04 802292                     /usr/lib/jvm/java-8-oracle/jre/lib/resources.jar
7f6b8544f000-7f6b85450000 ---p 00000000 00:00 0 
7f6b85450000-7f6b85550000 rw-p 00000000 00:00 0 
7f6b85550000-7f6b85553000 ---p 00000000 00:00 0 
7f6b85553000-7f6b85651000 rw-p 00000000 00:00 0 
7f6b85651000-7f6b85654000 ---p 00000000 00:00 0 
7f6b85654000-7f6b85752000 rw-p 00000000 00:00 0 
7f6b85752000-7f6b85755000 ---p 00000000 00:00 0 
7f6b85755000-7f6b85853000 rw-p 00000000 00:00 0 
7f6b85853000-7f6b85856000 ---p 00000000 00:00 0 
7f6b85856000-7f6b85954000 rw-p 00000000 00:00 0 
7f6b85954000-7f6b85957000 ---p 00000000 00:00 0 
7f6b85957000-7f6b85a55000 rw-p 00000000 00:00 0 
7f6b85a55000-7f6b85a58000 ---p 00000000 00:00 0 
7f6b85a58000-7f6b85b56000 rw-p 00000000 00:00 0 
7f6b85b56000-7f6b863a2000 r--p 00000000 08:04 531399                     /usr/lib/locale/locale-archive
7f6b863a2000-7f6b863a5000 ---p 00000000 00:00 0 
7f6b863a5000-7f6b864a3000 rw-p 00000000 00:00 0 
7f6b864a3000-7f6b864a6000 ---p 00000000 00:00 0 
7f6b864a6000-7f6b865a4000 rw-p 00000000 00:00 0 
7f6b865a4000-7f6b865a5000 ---p 00000000 00:00 0 
7f6b865a5000-7f6b88000000 rw-p 00000000 00:00 0 
7f6b88000000-7f6b88021000 rw-p 00000000 00:00 0 
7f6b88021000-7f6b8c000000 ---p 00000000 00:00 0 
7f6b8c000000-7f6b8c01b000 r--s 00208000 08:04 802296                     /usr/lib/jvm/java-8-oracle/jre/lib/deploy.jar
7f6b8c01b000-7f6b90000000 rw-p 00000000 00:00 0 
7f6b90000000-7f6b90021000 rw-p 00000000 00:00 0 
7f6b90021000-7f6b94000000 ---p 00000000 00:00 0 
7f6b94000000-7f6b94021000 rw-p 00000000 00:00 0 
7f6b94021000-7f6b98000000 ---p 00000000 00:00 0 
7f6b98000000-7f6b98021000 rw-p 00000000 00:00 0 
7f6b98021000-7f6b9c000000 ---p 00000000 00:00 0 
7f6b9c000000-7f6b9c021000 rw-p 00000000 00:00 0 
7f6b9c021000-7f6ba0000000 ---p 00000000 00:00 0 
7f6ba0000000-7f6ba0021000 rw-p 00000000 00:00 0 
7f6ba0021000-7f6ba4000000 ---p 00000000 00:00 0 
7f6ba4000000-7f6ba4021000 rw-p 00000000 00:00 0 
7f6ba4021000-7f6ba8000000 ---p 00000000 00:00 0 
7f6ba800b000-7f6ba804d000 rw-p 00000000 00:00 0 
7f6ba804d000-7f6ba8226000 r--s 03d29000 08:04 802398                     /usr/lib/jvm/java-8-oracle/jre/lib/rt.jar
7f6ba8226000-7f6ba8666000 rw-p 00000000 00:00 0 
7f6ba8666000-7f6ba8a26000 ---p 00000000 00:00 0 
7f6ba8a26000-7f6ba8dfe000 rw-p 00000000 00:00 0 
7f6ba8dfe000-7f6ba8dff000 ---p 00000000 00:00 0 
7f6ba8dff000-7f6ba8eff000 rw-p 00000000 00:00 0 
7f6ba8eff000-7f6ba8f00000 ---p 00000000 00:00 0 
7f6ba8f00000-7f6ba9000000 rw-p 00000000 00:00 0 
7f6ba9000000-7f6ba9270000 rwxp 00000000 00:00 0 
7f6ba9270000-7f6bb8000000 ---p 00000000 00:00 0 
7f6bb8000000-7f6bb816d000 rw-p 00000000 00:00 0 
7f6bb816d000-7f6bbc000000 ---p 00000000 00:00 0 
7f6bbc005000-7f6bbc018000 r--s 000d6000 08:04 802305                     /usr/lib/jvm/java-8-oracle/jre/lib/plugin.jar
7f6bbc018000-7f6bbc0fe000 rw-p 00000000 00:00 0 
7f6bbc0fe000-7f6bbc0ff000 ---p 00000000 00:00 0 
7f6bbc0ff000-7f6bbc1ff000 rw-p 00000000 00:00 0 
7f6bbc1ff000-7f6bbc200000 ---p 00000000 00:00 0 
7f6bbc200000-7f6bbc300000 rw-p 00000000 00:00 0 
7f6bbc300000-7f6bbc301000 ---p 00000000 00:00 0 
7f6bbc301000-7f6bbc401000 rw-p 00000000 00:00 0 
7f6bbc401000-7f6bbc402000 ---p 00000000 00:00 0 
7f6bbc402000-7f6bbc502000 rw-p 00000000 00:00 0 
7f6bbc502000-7f6bbc503000 ---p 00000000 00:00 0 
7f6bbc503000-7f6bbc603000 rw-p 00000000 00:00 0 
7f6bbc603000-7f6bbc604000 ---p 00000000 00:00 0 
7f6bbc604000-7f6bbc72e000 rw-p 00000000 00:00 0 
7f6bbc72e000-7f6bbc994000 ---p 00000000 00:00 0 
7f6bbc994000-7f6bbc9be000 rw-p 00000000 00:00 0 
7f6bbc9be000-7f6bbcc24000 ---p 00000000 00:00 0 
7f6bbcc24000-7f6bbcc67000 rw-p 00000000 00:00 0 
7f6bbcc67000-7f6bbcd6c000 ---p 00000000 00:00 0 
7f6bbcd6c000-7f6bbcd77000 rw-p 00000000 00:00 0 
7f6bbcd77000-7f6bbd12d000 ---p 00000000 00:00 0 
7f6bbd12d000-7f6bbd147000 r-xp 00000000 08:04 802410                     /usr/lib/jvm/java-8-oracle/jre/lib/amd64/libzip.so
7f6bbd147000-7f6bbd347000 ---p 0001a000 08:04 802410                     /usr/lib/jvm/java-8-oracle/jre/lib/amd64/libzip.so
7f6bbd347000-7f6bbd348000 rw-p 0001a000 08:04 802410                     /usr/lib/jvm/java-8-oracle/jre/lib/amd64/libzip.so
7f6bbd348000-7f6bbd352000 r-xp 00000000 08:04 270973                     /lib/x86_64-linux-gnu/libnss_files-2.19.so
7f6bbd352000-7f6bbd551000 ---p 0000a000 08:04 270973                     /lib/x86_64-linux-gnu/libnss_files-2.19.so
7f6bbd551000-7f6bbd552000 r--p 00009000 08:04 270973                     /lib/x86_64-linux-gnu/libnss_files-2.19.so
7f6bbd552000-7f6bbd553000 rw-p 0000a000 08:04 270973                     /lib/x86_64-linux-gnu/libnss_files-2.19.so
7f6bbd553000-7f6bbd55e000 r-xp 00000000 08:04 270961                     /lib/x86_64-linux-gnu/libnss_nis-2.19.so
7f6bbd55e000-7f6bbd75d000 ---p 0000b000 08:04 270961                     /lib/x86_64-linux-gnu/libnss_nis-2.19.so
7f6bbd75d000-7f6bbd75e000 r--p 0000a000 08:04 270961                     /lib/x86_64-linux-gnu/libnss_nis-2.19.so
7f6bbd75e000-7f6bbd75f000 rw-p 0000b000 08:04 270961                     /lib/x86_64-linux-gnu/libnss_nis-2.19.so
7f6bbd75f000-7f6bbd776000 r-xp 00000000 08:04 270957                     /lib/x86_64-linux-gnu/libnsl-2.19.so
7f6bbd776000-7f6bbd975000 ---p 00017000 08:04 270957                     /lib/x86_64-linux-gnu/libnsl-2.19.so
7f6bbd975000-7f6bbd976000 r--p 00016000 08:04 270957                     /lib/x86_64-linux-gnu/libnsl-2.19.so
7f6bbd976000-7f6bbd977000 rw-p 00017000 08:04 270957                     /lib/x86_64-linux-gnu/libnsl-2.19.so
7f6bbd977000-7f6bbd979000 rw-p 00000000 00:00 0 
7f6bbd979000-7f6bbd982000 r-xp 00000000 08:04 270956                     /lib/x86_64-linux-gnu/libnss_compat-2.19.so
7f6bbd982000-7f6bbdb81000 ---p 00009000 08:04 270956                     /lib/x86_64-linux-gnu/libnss_compat-2.19.so
7f6bbdb81000-7f6bbdb82000 r--p 00008000 08:04 270956                     /lib/x86_64-linux-gnu/libnss_compat-2.19.so
7f6bbdb82000-7f6bbdb83000 rw-p 00009000 08:04 270956                     /lib/x86_64-linux-gnu/libnss_compat-2.19.so
7f6bbdb83000-7f6bbdbad000 r-xp 00000000 08:04 802412                     /usr/lib/jvm/java-8-oracle/jre/lib/amd64/libjava.so
7f6bbdbad000-7f6bbddad000 ---p 0002a000 08:04 802412                     /usr/lib/jvm/java-8-oracle/jre/lib/amd64/libjava.so
7f6bbddad000-7f6bbddaf000 rw-p 0002a000 08:04 802412                     /usr/lib/jvm/java-8-oracle/jre/lib/amd64/libjava.so
7f6bbddaf000-7f6bbddbc000 r-xp 00000000 08:04 805015                     /usr/lib/jvm/java-8-oracle/jre/lib/amd64/libverify.so
7f6bbddbc000-7f6bbdfbc000 ---p 0000d000 08:04 805015                     /usr/lib/jvm/java-8-oracle/jre/lib/amd64/libverify.so
7f6bbdfbc000-7f6bbdfbe000 rw-p 0000d000 08:04 805015                     /usr/lib/jvm/java-8-oracle/jre/lib/amd64/libverify.so
7f6bbdfbe000-7f6bbdfc5000 r-xp 00000000 08:04 270968                     /lib/x86_64-linux-gnu/librt-2.19.so
7f6bbdfc5000-7f6bbe1c4000 ---p 00007000 08:04 270968                     /lib/x86_64-linux-gnu/librt-2.19.so
7f6bbe1c4000-7f6bbe1c5000 r--p 00006000 08:04 270968                     /lib/x86_64-linux-gnu/librt-2.19.so
7f6bbe1c5000-7f6bbe1c6000 rw-p 00007000 08:04 270968                     /lib/x86_64-linux-gnu/librt-2.19.so
7f6bbe1c6000-7f6bbe2cb000 r-xp 00000000 08:04 270934                     /lib/x86_64-linux-gnu/libm-2.19.so
7f6bbe2cb000-7f6bbe4ca000 ---p 00105000 08:04 270934                     /lib/x86_64-linux-gnu/libm-2.19.so
7f6bbe4ca000-7f6bbe4cb000 r--p 00104000 08:04 270934                     /lib/x86_64-linux-gnu/libm-2.19.so
7f6bbe4cb000-7f6bbe4cc000 rw-p 00105000 08:04 270934                     /lib/x86_64-linux-gnu/libm-2.19.so
7f6bbe4cc000-7f6bbf197000 r-xp 00000000 08:04 805067                     /usr/lib/jvm/java-8-oracle/jre/lib/amd64/server/libjvm.so
7f6bbf197000-7f6bbf396000 ---p 00ccb000 08:04 805067                     /usr/lib/jvm/java-8-oracle/jre/lib/amd64/server/libjvm.so
7f6bbf396000-7f6bbf46f000 rw-p 00cca000 08:04 805067                     /usr/lib/jvm/java-8-oracle/jre/lib/amd64/server/libjvm.so
7f6bbf46f000-7f6bbf4ba000 rw-p 00000000 00:00 0 
7f6bbf4ba000-7f6bbf674000 r-xp 00000000 08:04 270969                     /lib/x86_64-linux-gnu/libc-2.19.so
7f6bbf674000-7f6bbf874000 ---p 001ba000 08:04 270969                     /lib/x86_64-linux-gnu/libc-2.19.so
7f6bbf874000-7f6bbf878000 r--p 001ba000 08:04 270969                     /lib/x86_64-linux-gnu/libc-2.19.so
7f6bbf878000-7f6bbf87a000 rw-p 001be000 08:04 270969                     /lib/x86_64-linux-gnu/libc-2.19.so
7f6bbf87a000-7f6bbf87f000 rw-p 00000000 00:00 0 
7f6bbf87f000-7f6bbf882000 r-xp 00000000 08:04 270944                     /lib/x86_64-linux-gnu/libdl-2.19.so
7f6bbf882000-7f6bbfa81000 ---p 00003000 08:04 270944                     /lib/x86_64-linux-gnu/libdl-2.19.so
7f6bbfa81000-7f6bbfa82000 r--p 00002000 08:04 270944                     /lib/x86_64-linux-gnu/libdl-2.19.so
7f6bbfa82000-7f6bbfa83000 rw-p 00003000 08:04 270944                     /lib/x86_64-linux-gnu/libdl-2.19.so
7f6bbfa83000-7f6bbfa98000 r-xp 00000000 08:04 802183                     /usr/lib/jvm/java-8-oracle/lib/amd64/jli/libjli.so
7f6bbfa98000-7f6bbfc98000 ---p 00015000 08:04 802183                     /usr/lib/jvm/java-8-oracle/lib/amd64/jli/libjli.so
7f6bbfc98000-7f6bbfc99000 rw-p 00015000 08:04 802183                     /usr/lib/jvm/java-8-oracle/lib/amd64/jli/libjli.so
7f6bbfc99000-7f6bbfcb2000 r-xp 00000000 08:04 270958                     /lib/x86_64-linux-gnu/libpthread-2.19.so
7f6bbfcb2000-7f6bbfeb1000 ---p 00019000 08:04 270958                     /lib/x86_64-linux-gnu/libpthread-2.19.so
7f6bbfeb1000-7f6bbfeb2000 r--p 00018000 08:04 270958                     /lib/x86_64-linux-gnu/libpthread-2.19.so
7f6bbfeb2000-7f6bbfeb3000 rw-p 00019000 08:04 270958                     /lib/x86_64-linux-gnu/libpthread-2.19.so
7f6bbfeb3000-7f6bbfeb7000 rw-p 00000000 00:00 0 
7f6bbfeb7000-7f6bbfeda000 r-xp 00000000 08:04 270959                     /lib/x86_64-linux-gnu/ld-2.19.so
7f6bbfedc000-7f6bbfedd000 rw-p 00000000 00:00 0 
7f6bbfedd000-7f6bbfedf000 r--s 0001e000 08:04 2758988                    /opt/idea-IU-145.597.3/lib/idea_rt.jar
7f6bbfedf000-7f6bbfee3000 r--s 00097000 08:04 802297                     /usr/lib/jvm/java-8-oracle/jre/lib/jsse.jar
7f6bbfee3000-7f6bbfee5000 r--s 00007000 08:04 802332                     /usr/lib/jvm/java-8-oracle/jre/lib/jfxswt.jar
7f6bbfee5000-7f6bbfeea000 r--s 00084000 08:04 802282                     /usr/lib/jvm/java-8-oracle/jre/lib/jfr.jar
7f6bbfeea000-7f6bbffb5000 rw-p 00000000 00:00 0 
7f6bbffb5000-7f6bbffb8000 ---p 00000000 00:00 0 
7f6bbffb8000-7f6bc00ba000 rw-p 00000000 00:00 0 
7f6bc00ba000-7f6bc00bb000 r--s 00000000 08:04 802284                     /usr/lib/jvm/java-8-oracle/jre/lib/management-agent.jar
7f6bc00bb000-7f6bc00be000 r--s 0001a000 08:04 802299                     /usr/lib/jvm/java-8-oracle/jre/lib/jce.jar
7f6bc00be000-7f6bc00c8000 r--s 0006c000 08:04 802391                     /usr/lib/jvm/java-8-oracle/jre/lib/javaws.jar
7f6bc00c8000-7f6bc00cd000 r--s 002f9000 08:04 802329                     /usr/lib/jvm/java-8-oracle/jre/lib/charsets.jar
7f6bc00cd000-7f6bc00d5000 rw-s 00000000 08:04 395443                     /tmp/hsperfdata_ankoma88/16174
7f6bc00d5000-7f6bc00d6000 rw-p 00000000 00:00 0 
7f6bc00d6000-7f6bc00d7000 ---p 00000000 00:00 0 
7f6bc00d7000-7f6bc00d9000 rw-p 00000000 00:00 0 
7f6bc00d9000-7f6bc00da000 r--p 00022000 08:04 270959                     /lib/x86_64-linux-gnu/ld-2.19.so
7f6bc00da000-7f6bc00db000 rw-p 00023000 08:04 270959                     /lib/x86_64-linux-gnu/ld-2.19.so
7f6bc00db000-7f6bc00dc000 rw-p 00000000 00:00 0 
7ffe5f29c000-7ffe5f2bd000 rw-p 00000000 00:00 0                          [stack]
7ffe5f3d5000-7ffe5f3d7000 r--p 00000000 00:00 0                          [vvar]
7ffe5f3d7000-7ffe5f3d9000 r-xp 00000000 00:00 0                          [vdso]
ffffffffff600000-ffffffffff601000 r-xp 00000000 00:00 0                  [vsyscall]

VM Arguments:
jvm_args: -Didea.launcher.port=7533 -Didea.launcher.bin.path=/opt/idea-IU-145.597.3/bin -Dfile.encoding=UTF-8 
java_command: com.intellij.rt.execution.application.AppMain com.ankoma88.SkiTaskMain
java_class_path (initial): /usr/lib/jvm/java-8-oracle/jre/lib/charsets.jar:/usr/lib/jvm/java-8-oracle/jre/lib/deploy.jar:/usr/lib/jvm/java-8-oracle/jre/lib/ext/cldrdata.jar:/usr/lib/jvm/java-8-oracle/jre/lib/ext/dnsns.jar:/usr/lib/jvm/java-8-oracle/jre/lib/ext/jaccess.jar:/usr/lib/jvm/java-8-oracle/jre/lib/ext/jfxrt.jar:/usr/lib/jvm/java-8-oracle/jre/lib/ext/localedata.jar:/usr/lib/jvm/java-8-oracle/jre/lib/ext/nashorn.jar:/usr/lib/jvm/java-8-oracle/jre/lib/ext/sunec.jar:/usr/lib/jvm/java-8-oracle/jre/lib/ext/sunjce_provider.jar:/usr/lib/jvm/java-8-oracle/jre/lib/ext/sunpkcs11.jar:/usr/lib/jvm/java-8-oracle/jre/lib/ext/zipfs.jar:/usr/lib/jvm/java-8-oracle/jre/lib/javaws.jar:/usr/lib/jvm/java-8-oracle/jre/lib/jce.jar:/usr/lib/jvm/java-8-oracle/jre/lib/jfr.jar:/usr/lib/jvm/java-8-oracle/jre/lib/jfxswt.jar:/usr/lib/jvm/java-8-oracle/jre/lib/jsse.jar:/usr/lib/jvm/java-8-oracle/jre/lib/management-agent.jar:/usr/lib/jvm/java-8-oracle/jre/lib/plugin.jar:/usr/lib/jvm/java-8-oracle/jre/lib/resources.jar:/usr/lib/jvm/java-8-oracle/jre/lib/rt.jar:/home/ankoma88/IdeaProjects/SkiTask/out/production/SkiTask:/opt/idea-IU-145.597.3/lib/idea_rt.jar
Launcher Type: SUN_STANDARD

Environment Variables:
JAVA_HOME=/usr/lib/jvm/java-8-oracle
PATH=/usr/local/sbin:/usr/local/bin:/usr/sbin:/usr/bin:/sbin:/bin:/usr/games:/usr/local/games:/usr/lib/jvm/java-8-oracle/bin:/usr/lib/jvm/java-8-oracle/db/bin:/usr/lib/jvm/java-8-oracle/jre/bin
LD_LIBRARY_PATH=/opt/idea-IU-145.597.3/bin:
SHELL=/bin/bash
DISPLAY=:0

Signal Handlers:
SIGSEGV: [libjvm.so+0xac4790], sa_mask[0]=11111111011111111101111111111110, sa_flags=SA_RESTART|SA_SIGINFO
SIGBUS: [libjvm.so+0xac4790], sa_mask[0]=11111111011111111101111111111110, sa_flags=SA_RESTART|SA_SIGINFO
SIGFPE: [libjvm.so+0x91f140], sa_mask[0]=11111111011111111101111111111110, sa_flags=SA_RESTART|SA_SIGINFO
SIGPIPE: [libjvm.so+0x91f140], sa_mask[0]=11111111011111111101111111111110, sa_flags=SA_RESTART|SA_SIGINFO
SIGXFSZ: [libjvm.so+0x91f140], sa_mask[0]=11111111011111111101111111111110, sa_flags=SA_RESTART|SA_SIGINFO
SIGILL: [libjvm.so+0x91f140], sa_mask[0]=11111111011111111101111111111110, sa_flags=SA_RESTART|SA_SIGINFO
SIGUSR1: SIG_DFL, sa_mask[0]=00000000000000000000000000000000, sa_flags=none
SIGUSR2: [libjvm.so+0x920770], sa_mask[0]=00100000000000000000000000000000, sa_flags=SA_RESTART|SA_SIGINFO
SIGHUP: [libjvm.so+0x921b70], sa_mask[0]=11111111011111111101111111111110, sa_flags=SA_RESTART|SA_SIGINFO
SIGINT: [libjvm.so+0x921b70], sa_mask[0]=11111111011111111101111111111110, sa_flags=SA_RESTART|SA_SIGINFO
SIGTERM: [libjvm.so+0x921b70], sa_mask[0]=11111111011111111101111111111110, sa_flags=SA_RESTART|SA_SIGINFO
SIGQUIT: [libjvm.so+0x921b70], sa_mask[0]=11111111011111111101111111111110, sa_flags=SA_RESTART|SA_SIGINFO


---------------  S Y S T E M  ---------------

OS:DISTRIB_ID=Ubuntu
DISTRIB_RELEASE=14.04
DISTRIB_CODENAME=trusty
DISTRIB_DESCRIPTION="Ubuntu 14.04.5 LTS"

uname:Linux 4.2.0-42-generic #49~14.04.1-Ubuntu SMP Wed Jun 29 20:22:11 UTC 2016 x86_64
libc:glibc 2.19 NPTL 2.19 
rlimit: STACK 8192k, CORE 0k, NPROC 31306, NOFILE 4096, AS infinity
load average:1,74 1,74 1,54

/proc/meminfo:
MemTotal:        8058468 kB
MemFree:          110548 kB
MemAvailable:     107592 kB
Buffers:            5856 kB
Cached:           794872 kB
SwapCached:            0 kB
Active:          7000788 kB
Inactive:         684652 kB
Active(anon):    6939692 kB
Inactive(anon):   628232 kB
Active(file):      61096 kB
Inactive(file):    56420 kB
Unevictable:          76 kB
Mlocked:              76 kB
SwapTotal:             0 kB
SwapFree:              0 kB
Dirty:              7176 kB
Writeback:             0 kB
AnonPages:       6884640 kB
Mapped:           406392 kB
Shmem:            683592 kB
Slab:              98344 kB
SReclaimable:      45508 kB
SUnreclaim:        52836 kB
KernelStack:       16640 kB
PageTables:        74584 kB
NFS_Unstable:          0 kB
Bounce:                0 kB
WritebackTmp:          0 kB
CommitLimit:     4029232 kB
Committed_AS:   16751144 kB
VmallocTotal:   34359738367 kB
VmallocUsed:      389852 kB
VmallocChunk:   34358947836 kB
HardwareCorrupted:     0 kB
AnonHugePages:   2951168 kB
CmaTotal:              0 kB
CmaFree:               0 kB
HugePages_Total:       0
HugePages_Free:        0
HugePages_Rsvd:        0
HugePages_Surp:        0
Hugepagesize:       2048 kB
DirectMap4k:      253928 kB
DirectMap2M:     8017920 kB


CPU:total 8 (4 cores per cpu, 2 threads per core) family 6 model 58 stepping 9, cmov, cx8, fxsr, mmx, sse, sse2, sse3, ssse3, sse4.1, sse4.2, popcnt, avx, clmul, erms, ht, tsc, tscinvbit, tscinv

/proc/cpuinfo:
processor	: 0
vendor_id	: GenuineIntel
cpu family	: 6
model		: 58
model name	: Intel(R) Core(TM) i7-3610QM CPU @ 2.30GHz
stepping	: 9
microcode	: 0x15
cpu MHz		: 3099.968
cache size	: 6144 KB
physical id	: 0
siblings	: 8
core id		: 0
cpu cores	: 4
apicid		: 0
initial apicid	: 0
fpu		: yes
fpu_exception	: yes
cpuid level	: 13
wp		: yes
flags		: fpu vme de pse tsc msr pae mce cx8 apic sep mtrr pge mca cmov pat pse36 clflush dts acpi mmx fxsr sse sse2 ss ht tm pbe syscall nx rdtscp lm constant_tsc arch_perfmon pebs bts rep_good nopl xtopology nonstop_tsc aperfmperf eagerfpu pni pclmulqdq dtes64 monitor ds_cpl vmx est tm2 ssse3 cx16 xtpr pdcm pcid sse4_1 sse4_2 x2apic popcnt tsc_deadline_timer xsave avx f16c rdrand lahf_lm ida arat epb pln pts dtherm tpr_shadow vnmi flexpriority ept vpid fsgsbase smep erms xsaveopt
bugs		:
bogomips	: 4589.33
clflush size	: 64
cache_alignment	: 64
address sizes	: 36 bits physical, 48 bits virtual
power management:

processor	: 1
vendor_id	: GenuineIntel
cpu family	: 6
model		: 58
model name	: Intel(R) Core(TM) i7-3610QM CPU @ 2.30GHz
stepping	: 9
microcode	: 0x15
cpu MHz		: 3099.968
cache size	: 6144 KB
physical id	: 0
siblings	: 8
core id		: 1
cpu cores	: 4
apicid		: 2
initial apicid	: 2
fpu		: yes
fpu_exception	: yes
cpuid level	: 13
wp		: yes
flags		: fpu vme de pse tsc msr pae mce cx8 apic sep mtrr pge mca cmov pat pse36 clflush dts acpi mmx fxsr sse sse2 ss ht tm pbe syscall nx rdtscp lm constant_tsc arch_perfmon pebs bts rep_good nopl xtopology nonstop_tsc aperfmperf eagerfpu pni pclmulqdq dtes64 monitor ds_cpl vmx est tm2 ssse3 cx16 xtpr pdcm pcid sse4_1 sse4_2 x2apic popcnt tsc_deadline_timer xsave avx f16c rdrand lahf_lm ida arat epb pln pts dtherm tpr_shadow vnmi flexpriority ept vpid fsgsbase smep erms xsaveopt
bugs		:
bogomips	: 4589.33
clflush size	: 64
cache_alignment	: 64
address sizes	: 36 bits physical, 48 bits virtual
power management:

processor	: 2
vendor_id	: GenuineIntel
cpu family	: 6
model		: 58
model name	: Intel(R) Core(TM) i7-3610QM CPU @ 2.30GHz
stepping	: 9
microcode	: 0x15
cpu MHz		: 3099.968
cache size	: 6144 KB
physical id	: 0
siblings	: 8
core id		: 2
cpu cores	: 4
apicid		: 4
initial apicid	: 4
fpu		: yes
fpu_exception	: yes
cpuid level	: 13
wp		: yes
flags		: fpu vme de pse tsc msr pae mce cx8 apic sep mtrr pge mca cmov pat pse36 clflush dts acpi mmx fxsr sse sse2 ss ht tm pbe syscall nx rdtscp lm constant_tsc arch_perfmon pebs bts rep_good nopl xtopology nonstop_tsc aperfmperf eagerfpu pni pclmulqdq dtes64 monitor ds_cpl vmx est tm2 ssse3 cx16 xtpr pdcm pcid sse4_1 sse4_2 x2apic popcnt tsc_deadline_timer xsave avx f16c rdrand lahf_lm ida arat epb pln pts dtherm tpr_shadow vnmi flexpriority ept vpid fsgsbase smep erms xsaveopt
bugs		:
bogomips	: 4589.33
clflush size	: 64
cache_alignment	: 64
address sizes	: 36 bits physical, 48 bits virtual
power management:

processor	: 3
vendor_id	: GenuineIntel
cpu family	: 6
model		: 58
model name	: Intel(R) Core(TM) i7-3610QM CPU @ 2.30GHz
stepping	: 9
microcode	: 0x15
cpu MHz		: 3099.968
cache size	: 6144 KB
physical id	: 0
siblings	: 8
core id		: 3
cpu cores	: 4
apicid		: 6
initial apicid	: 6
fpu		: yes
fpu_exception	: yes
cpuid level	: 13
wp		: yes
flags		: fpu vme de pse tsc msr pae mce cx8 apic sep mtrr pge mca cmov pat pse36 clflush dts acpi mmx fxsr sse sse2 ss ht tm pbe syscall nx rdtscp lm constant_tsc arch_perfmon pebs bts rep_good nopl xtopology nonstop_tsc aperfmperf eagerfpu pni pclmulqdq dtes64 monitor ds_cpl vmx est tm2 ssse3 cx16 xtpr pdcm pcid sse4_1 sse4_2 x2apic popcnt tsc_deadline_timer xsave avx f16c rdrand lahf_lm ida arat epb pln pts dtherm tpr_shadow vnmi flexpriority ept vpid fsgsbase smep erms xsaveopt
bugs		:
bogomips	: 4589.33
clflush size	: 64
cache_alignment	: 64
address sizes	: 36 bits physical, 48 bits virtual
power management:

processor	: 4
vendor_id	: GenuineIntel
cpu family	: 6
model		: 58
model name	: Intel(R) Core(TM) i7-3610QM CPU @ 2.30GHz
stepping	: 9
microcode	: 0x15
cpu MHz		: 3099.968
cache size	: 6144 KB
physical id	: 0
siblings	: 8
core id		: 0
cpu cores	: 4
apicid		: 1
initial apicid	: 1
fpu		: yes
fpu_exception	: yes
cpuid level	: 13
wp		: yes
flags		: fpu vme de pse tsc msr pae mce cx8 apic sep mtrr pge mca cmov pat pse36 clflush dts acpi mmx fxsr sse sse2 ss ht tm pbe syscall nx rdtscp lm constant_tsc arch_perfmon pebs bts rep_good nopl xtopology nonstop_tsc aperfmperf eagerfpu pni pclmulqdq dtes64 monitor ds_cpl vmx est tm2 ssse3 cx16 xtpr pdcm pcid sse4_1 sse4_2 x2apic popcnt tsc_deadline_timer xsave avx f16c rdrand lahf_lm ida arat epb pln pts dtherm tpr_shadow vnmi flexpriority ept vpid fsgsbase smep erms xsaveopt
bugs		:
bogomips	: 4589.33
clflush size	: 64
cache_alignment	: 64
address sizes	: 36 bits physical, 48 bits virtual
power management:

processor	: 5
vendor_id	: GenuineIntel
cpu family	: 6
model		: 58
model name	: Intel(R) Core(TM) i7-3610QM CPU @ 2.30GHz
stepping	: 9
microcode	: 0x15
cpu MHz		: 3099.968
cache size	: 6144 KB
physical id	: 0
siblings	: 8
core id		: 1
cpu cores	: 4
apicid		: 3
initial apicid	: 3
fpu		: yes
fpu_exception	: yes
cpuid level	: 13
wp		: yes
flags		: fpu vme de pse tsc msr pae mce cx8 apic sep mtrr pge mca cmov pat pse36 clflush dts acpi mmx fxsr sse sse2 ss ht tm pbe syscall nx rdtscp lm constant_tsc arch_perfmon pebs bts rep_good nopl xtopology nonstop_tsc aperfmperf eagerfpu pni pclmulqdq dtes64 monitor ds_cpl vmx est tm2 ssse3 cx16 xtpr pdcm pcid sse4_1 sse4_2 x2apic popcnt tsc_deadline_timer xsave avx f16c rdrand lahf_lm ida arat epb pln pts dtherm tpr_shadow vnmi flexpriority ept vpid fsgsbase smep erms xsaveopt
bugs		:
bogomips	: 4589.33
clflush size	: 64
cache_alignment	: 64
address sizes	: 36 bits physical, 48 bits virtual
power management:

processor	: 6
vendor_id	: GenuineIntel
cpu family	: 6
model		: 58
model name	: Intel(R) Core(TM) i7-3610QM CPU @ 2.30GHz
stepping	: 9
microcode	: 0x15
cpu MHz		: 3099.968
cache size	: 6144 KB
physical id	: 0
siblings	: 8
core id		: 2
cpu cores	: 4
apicid		: 5
initial apicid	: 5
fpu		: yes
fpu_exception	: yes
cpuid level	: 13
wp		: yes
flags		: fpu vme de pse tsc msr pae mce cx8 apic sep mtrr pge mca cmov pat pse36 clflush dts acpi mmx fxsr sse sse2 ss ht tm pbe syscall nx rdtscp lm constant_tsc arch_perfmon pebs bts rep_good nopl xtopology nonstop_tsc aperfmperf eagerfpu pni pclmulqdq dtes64 monitor ds_cpl vmx est tm2 ssse3 cx16 xtpr pdcm pcid sse4_1 sse4_2 x2apic popcnt tsc_deadline_timer xsave avx f16c rdrand lahf_lm ida arat epb pln pts dtherm tpr_shadow vnmi flexpriority ept vpid fsgsbase smep erms xsaveopt
bugs		:
bogomips	: 4589.33
clflush size	: 64
cache_alignment	: 64
address sizes	: 36 bits physical, 48 bits virtual
power management:

processor	: 7
vendor_id	: GenuineIntel
cpu family	: 6
model		: 58
model name	: Intel(R) Core(TM) i7-3610QM CPU @ 2.30GHz
stepping	: 9
microcode	: 0x15
cpu MHz		: 3099.968
cache size	: 6144 KB
physical id	: 0
siblings	: 8
core id		: 3
cpu cores	: 4
apicid		: 7
initial apicid	: 7
fpu		: yes
fpu_exception	: yes
cpuid level	: 13
wp		: yes
flags		: fpu vme de pse tsc msr pae mce cx8 apic sep mtrr pge mca cmov pat pse36 clflush dts acpi mmx fxsr sse sse2 ss ht tm pbe syscall nx rdtscp lm constant_tsc arch_perfmon pebs bts rep_good nopl xtopology nonstop_tsc aperfmperf eagerfpu pni pclmulqdq dtes64 monitor ds_cpl vmx est tm2 ssse3 cx16 xtpr pdcm pcid sse4_1 sse4_2 x2apic popcnt tsc_deadline_timer xsave avx f16c rdrand lahf_lm ida arat epb pln pts dtherm tpr_shadow vnmi flexpriority ept vpid fsgsbase smep erms xsaveopt
bugs		:
bogomips	: 4589.33
clflush size	: 64
cache_alignment	: 64
address sizes	: 36 bits physical, 48 bits virtual
power management:



Memory: 4k page, physical 8058468k(111052k free), swap 0k(0k free)

vm_info: Java HotSpot(TM) 64-Bit Server VM (25.101-b13) for linux-amd64 JRE (1.8.0_101-b13), built on Jun 22 2016 02:59:44 by "java_re" with gcc 4.3.0 20080428 (Red Hat 4.3.0-8)

time: Thu Aug 18 17:27:10 2016
elapsed time: 0 seconds (0d 0h 0m 0s)

